{"print":{"wifi_signal":"-48dBm","command":"push_status","msg":1,"sequence_id":"31000"}}
{"print":{"bed_temper":25,"wifi_signal":"-49dBm","command":"push_status","msg":1,"sequence_id":"31001"}}
{"print":{"bed_temper":24.96875,"wifi_signal":"-47dBm","command":"push_status","msg":1,"sequence_id":"31002"}}
{"print":{"nozzle_temper":24.78125,"bed_temper":25.03125,"command":"push_status","msg":1,"sequence_id":"31003"}}
{"print":{"wifi_signal":"-48dBm","command":"push_status","msg":1,"sequence_id":"31004"}}
{"print":{"wifi_signal":"-49dBm","command":"push_status","msg":1,"sequence_id":"31005"}}
{"print":{"bed_temper":25,"wifi_signal":"-53dBm","command":"push_status","msg":1,"sequence_id":"31006"}}
{"print":{"nozzle_temper":24.8125,"bed_temper":24.96875,"wifi_signal":"-49dBm","command":"push_status","msg":1,"sequence_id":"31007"}}
{"print":{"wifi_signal":"-50dBm","command":"push_status","msg":1,"sequence_id":"31008"}}
{"print":{"bed_temper":25,"wifi_signal":"-58dBm","command":"push_status","msg":1,"sequence_id":"31009"}}
{"print":{"nozzle_temper":24.78125,"bed_temper":25.03125,"wifi_signal":"-54dBm","command":"push_status","msg":1,"sequence_id":"31010"}}
{"print":{"bed_temper":25.0625,"wifi_signal":"-55dBm","command":"push_status","msg":1,"sequence_id":"31011"}}
{"print":{"bed_temper":25.03125,"command":"push_status","msg":1,"sequence_id":"31012"}}
{"print":{"wifi_signal":"-54dBm","command":"push_status","msg":1,"sequence_id":"31013"}}
{"print":{"wifi_signal":"-51dBm","command":"push_status","msg":1,"sequence_id":"31014"}}
{"print":{"bed_temper":24.96875,"wifi_signal":"-48dBm","command":"push_status","msg":1,"sequence_id":"31015"}}
{"print":{"bed_temper":25,"command":"push_status","msg":1,"sequence_id":"31016"}}
{"print":{"wifi_signal":"-49dBm","command":"push_status","msg":1,"sequence_id":"31017"}}
{"print":{"bed_temper":25.03125,"command":"push_status","msg":1,"sequence_id":"31018"}}
{"print":{"wifi_signal":"-51dBm","command":"push_status","msg":1,"sequence_id":"31019"}}
{"print":{"bed_temper":25,"command":"push_status","msg":1,"sequence_id":"31020"}}
{"print":{"bed_temper":24.96875,"wifi_signal":"-49dBm","command":"push_status","msg":1,"sequence_id":"31021"}}
{"print":{"nozzle_temper":24.75,"wifi_signal":"-48dBm","command":"push_status","msg":1,"sequence_id":"31022"}}
{"print":{"nozzle_temper":24.78125,"bed_temper":25,"wifi_signal":"-52dBm","command":"push_status","msg":1,"sequence_id":"31023"}}
{"print":{"wifi_signal":"-48dBm","command":"push_status","msg":1,"sequence_id":"31024"}}
{"print":{"ipcam":{"ipcam_dev":"1","ipcam_record":"disable","timelapse":"disable","resolution":"1080p","tutk_server":"disable","mode_bits":3},"upload":{"status":"idle","progress":0,"message":""},"net":{"conf":0,"info":[{"ip":1419749568,"mask":16711679}]},"nozzle_temper":24.78125,"nozzle_target_temper":0,"bed_temper":25,"bed_target_temper":0,"chamber_temper":5,"mc_print_stage":"1","heatbreak_fan_speed":"0","cooling_fan_speed":"0","big_fan1_speed":"0","big_fan2_speed":"0","mc_percent":100,"mc_remaining_time":0,"ams_status":0,"ams_rfid_status":0,"hw_switch_state":0,"spd_mag":100,"spd_lvl":2,"print_error":0,"lifecycle":"product","wifi_signal":"-49dBm","gcode_state":"FINISH","gcode_file_prepare_percent":"100","queue_number":0,"queue_total":0,"queue_est":0,"queue_sts":0,"project_id":"0","profile_id":"0","task_id":"0","subtask_id":"0","subtask_name":"CLIPPY - filament clip - flat version.3mf","gcode_file":"","stg":[],"stg_cur":255,"print_type":"idle","home_flag":847070616,"mc_print_line_number":"0","mc_print_sub_stage":0,"sdcard":true,"force_upgrade":false,"mess_production_state":"active","layer_num":50,"total_layer_num":50,"s_obj":[],"filam_bak":[9],"fan_gear":0,"nozzle_diameter":"0.4","nozzle_type":"stainless_steel","cali_version":0,"k":"0.0200","flag3":8,"upgrade_state":{"sequence_id":0,"progress":"","status":"IDLE","consistency_request":false,"dis_state":0,"err_code":0,"force_upgrade":false,"message":"0%, 0B/s","module":"","new_version_state":2,"cur_state_code":0,"idx2":2687159313,"new_ver_list":[]},"hms":[],"online":{"ahb":false,"rfid":false,"version":1417082049},"ams":{"ams":[{"id":"0","humidity":"5","temp":"0.0","tray":[{"id":"0","remain":100,"k":0.019999999552965164,"n":1,"cali_idx":-1,"tag_uid":"0000000000000000","tray_id_name":"","tray_info_idx":"GFL99","tray_type":"PLA","tray_sub_brands":"","tray_color":"000000FF","tray_weight":"0","tray_diameter":"0.00","tray_temp":"0","tray_time":"0","bed_temp_type":"0","bed_temp":"0","nozzle_temp_max":"240","nozzle_temp_min":"190","xcam_info":"000000000000000000000000","tray_uuid":"00000000000000000000000000000000","ctype":0,"cols":["000000FF"]},{"id":"1","remain":100,"k":0.019999999552965164,"n":1,"cali_idx":-1,"tag_uid":"0000000000000000","tray_id_name":"","tray_info_idx":"GFL99","tray_type":"PLA","tray_sub_brands":"","tray_color":"FFFAFAFF","tray_weight":"0","tray_diameter":"0.00","tray_temp":"0","tray_time":"0","bed_temp_type":"0","bed_temp":"0","nozzle_temp_max":"230","nozzle_temp_min":"210","xcam_info":"000000000000000000000000","tray_uuid":"00000000000000000000000000000000","ctype":0,"cols":["FFFAFAFF"]},{"id":"2","remain":100,"k":0.019999999552965164,"n":1,"cali_idx":-1,"tag_uid":"3A0683FE00000100","tray_id_name":"A01-W2","tray_info_idx":"GFA01","tray_type":"PLA","tray_sub_brands":"PLA Matte","tray_color":"FFFFFFFF","tray_weight":"1000","tray_diameter":"1.75","tray_temp":"55","tray_time":"8","bed_temp_type":"0","bed_temp":"0","nozzle_temp_max":"230","nozzle_temp_min":"190","xcam_info":"D007D007E803E8030000803F","tray_uuid":"C4342B28CC2C4A08ADF74DD220C3C967","ctype":0,"cols":["FFFFFFFF"]},{"id":"3","remain":100,"k":0.019999999552965164,"n":1,"cali_idx":-1,"tag_uid":"0000000000000000","tray_id_name":"","tray_info_idx":"GFL99","tray_type":"PLA","tray_sub_brands":"","tray_color":"00BBFFFF","tray_weight":"0","tray_diameter":"0.00","tray_temp":"0","tray_time":"0","bed_temp_type":"0","bed_temp":"0","nozzle_temp_max":"230","nozzle_temp_min":"190","xcam_info":"000000000000000000000000","tray_uuid":"00000000000000000000000000000000","ctype":0,"cols":["00BBFFFF"]}]}],"ams_exist_bits":"1","tray_exist_bits":"f","tray_is_bbl_bits":"f","tray_tar":"255","tray_now":"255","tray_pre":"255","tray_read_done_bits":"f","tray_reading_bits":"0","version":76,"insert_flag":true,"power_on_flag":true},"xcam":{"buildplate_marker_detector":true},"vt_tray":{"id":"254","tag_uid":"0000000000000000","tray_id_name":"","tray_info_idx":"GFU99","tray_type":"TPU","tray_sub_brands":"","tray_color":"000000FF","tray_weight":"0","tray_diameter":"0.00","tray_temp":"0","tray_time":"0","bed_temp_type":"0","bed_temp":"0","nozzle_temp_max":"230","nozzle_temp_min":"190","xcam_info":"000000000000000000000000","tray_uuid":"00000000000000000000000000000000","remain":0,"k":0.019999999552965164,"n":1,"cali_idx":-1},"lights_report":[{"node":"chamber_light","mode":"off"}],"command":"push_status","msg":0,"sequence_id":"31025"}}
{"print":{"wifi_signal":"-52dBm","command":"push_status","msg":1,"sequence_id":"31026"}}
{"print":{"bed_temper":25.03125,"wifi_signal":"-54dBm","command":"push_status","msg":1,"sequence_id":"31027"}}
{"print":{"nozzle_temper":24.75,"bed_temper":25,"wifi_signal":"-52dBm","command":"push_status","msg":1,"sequence_id":"31028"}}
{"print":{"wifi_signal":"-48dBm","command":"push_status","msg":1,"sequence_id":"31029"}}
{"print":{"wifi_signal":"-45dBm","command":"push_status","msg":1,"sequence_id":"31030"}}
{"print":{"bed_temper":25.03125,"command":"push_status","msg":1,"sequence_id":"31031"}}
{"print":{"bed_temper":25,"command":"push_status","msg":1,"sequence_id":"31032"}}
{"print":{"bed_temper":24.96875,"command":"push_status","msg":1,"sequence_id":"31033"}}
{"print":{"bed_temper":25,"wifi_signal":"-44dBm","command":"push_status","msg":1,"sequence_id":"31034"}}
{"print":{"bed_temper":25.03125,"wifi_signal":"-45dBm","command":"push_status","msg":1,"sequence_id":"31035"}}
{"print":{"wifi_signal":"-46dBm","command":"push_status","msg":1,"sequence_id":"31036"}}
{"print":{"bed_temper":25,"wifi_signal":"-51dBm","command":"push_status","msg":1,"sequence_id":"31037"}}
{"print":{"bed_temper":24.96875,"wifi_signal":"-48dBm","command":"push_status","msg":1,"sequence_id":"31038"}}
{"print":{"wifi_signal":"-46dBm","command":"push_status","msg":1,"sequence_id":"31039"}}
{"print":{"bed_temper":25,"wifi_signal":"-49dBm","command":"push_status","msg":1,"sequence_id":"31040"}}
{"print":{"nozzle_temper":24.71875,"bed_temper":25.03125,"wifi_signal":"-46dBm","command":"push_status","msg":1,"sequence_id":"31041"}}
{"print":{"wifi_signal":"-49dBm","upgrade_state":{"cur_state_code":1},"command":"push_status","msg":1,"sequence_id":"31042"}}
{"print":{"bed_temper":25,"wifi_signal":"-60dBm","gcode_state":"PREPARE","gcode_file":"local:CLIPPY - filament clip - flat version.3mf","print_type":"local","command":"push_status","msg":1,"sequence_id":"31043"}}
{"print":{"bed_temper":24.96875,"wifi_signal":"-48dBm","command":"push_status","msg":1,"sequence_id":"31044"}}
{"print":{"wifi_signal":"-46dBm","command":"push_status","msg":1,"sequence_id":"31045"}}
{"print":{"wifi_signal":"-48dBm","stg":[2,13,24,4,3,14,13],"command":"push_status","msg":1,"sequence_id":"31046"}}
{"print":{"bed_temper":25,"mc_print_stage":"2","mc_percent":0,"ams_rfid_status":3,"wifi_signal":"-47dBm","gcode_state":"RUNNING","layer_num":0,"command":"push_status","msg":1,"sequence_id":"31047"}}
{"print":{"nozzle_target_temper":140,"bed_target_temper":75,"mc_remaining_time":22,"ams_rfid_status":2,"wifi_signal":"-46dBm","stg_cur":2,"command":"push_status","msg":1,"sequence_id":"31048"}}
{"print":{"nozzle_temper":25.96875,"heatbreak_fan_speed":"6","command":"push_status","msg":1,"sequence_id":"31049"}}
{"print":{"nozzle_temper":32.0625,"bed_temper":25.09375,"heatbreak_fan_speed":"8","wifi_signal":"-44dBm","stg_cur":13,"mc_print_sub_stage":1,"command":"push_status","msg":1,"sequence_id":"31050"}}
{"print":{"nozzle_temper":42.03125,"bed_temper":25.5625,"heatbreak_fan_speed":"9","wifi_signal":"-49dBm","command":"push_status","msg":1,"sequence_id":"31051"}}
{"print":{"nozzle_temper":53.71875,"bed_temper":26.5625,"heatbreak_fan_speed":"8","wifi_signal":"-47dBm","command":"push_status","msg":1,"sequence_id":"31052"}}
{"print":{"nozzle_temper":65.875,"bed_temper":28.21875,"heatbreak_fan_speed":"9","wifi_signal":"-46dBm","home_flag":847070619,"command":"push_status","msg":1,"sequence_id":"31053"}}
{"print":{"nozzle_temper":77.9375,"bed_temper":30.34375,"mc_print_sub_stage":0,"command":"push_status","msg":1,"sequence_id":"31054"}}
{"print":{"nozzle_temper":89.625,"bed_temper":32.84375,"heatbreak_fan_speed":"8","command":"push_status","msg":1,"sequence_id":"31055"}}
{"print":{"nozzle_temper":100.8125,"nozzle_target_temper":114,"bed_temper":35.5625,"heatbreak_fan_speed":"9","mc_percent":1,"wifi_signal":"-47dBm","mc_print_sub_stage":1,"command":"push_status","msg":1,"sequence_id":"31056"}}
{"print":{"nozzle_temper":110.125,"bed_temper":38.40625,"command":"push_status","msg":1,"sequence_id":"31057"}}
{"print":{"nozzle_temper":115.03125,"bed_temper":41.375,"command":"push_status","msg":1,"sequence_id":"31058"}}
{"print":{"nozzle_temper":116.46875,"bed_temper":44.40625,"heatbreak_fan_speed":"8","wifi_signal":"-52dBm","command":"push_status","msg":1,"sequence_id":"31059"}}
{"print":{"nozzle_temper":116,"bed_temper":47.5,"wifi_signal":"-57dBm","command":"push_status","msg":1,"sequence_id":"31060"}}
{"print":{"nozzle_temper":114.59375,"bed_temper":50.625,"command":"push_status","msg":1,"sequence_id":"31061"}}
{"print":{"nozzle_temper":113.3125,"bed_temper":53.75,"heatbreak_fan_speed":"9","wifi_signal":"-59dBm","command":"push_status","msg":1,"sequence_id":"31062"}}
{"print":{"nozzle_temper":112.78125,"bed_temper":56.84375,"heatbreak_fan_speed":"8","wifi_signal":"-56dBm","command":"push_status","msg":1,"sequence_id":"31063"}}
{"print":{"nozzle_temper":113,"bed_temper":61.21875,"heatbreak_fan_speed":"9","wifi_signal":"-49dBm","command":"push_status","msg":1,"sequence_id":"31064"}}
{"print":{"nozzle_temper":113.28125,"bed_temper":63.84375,"wifi_signal":"-52dBm","home_flag":847070623,"command":"push_status","msg":1,"sequence_id":"31065"}}
{"print":{"nozzle_temper":113.46875,"nozzle_target_temper":220,"bed_temper":66.1875,"heatbreak_fan_speed":"8","wifi_signal":"-53dBm","mc_print_sub_stage":0,"command":"push_status","msg":1,"sequence_id":"31066"}}
{"print":{"nozzle_temper":114.3125,"bed_temper":68.28125,"heatbreak_fan_speed":"9","mc_percent":2,"ams_status":258,"wifi_signal":"-51dBm","stg_cur":4,"mc_print_sub_stage":2,"ams":{"tray_tar":"0"},"command":"push_status","msg":1,"sequence_id":"31067"}}
{"print":{"nozzle_temper":118.375,"bed_temper":70.0625,"command":"push_status","msg":1,"sequence_id":"31068"}}
{"print":{"nozzle_temper":124.8125,"bed_temper":71.5625,"command":"push_status","msg":1,"sequence_id":"31069"}}
{"print":{"nozzle_temper":132.4375,"bed_temper":72.78125,"heatbreak_fan_speed":"8","wifi_signal":"-53dBm","command":"push_status","msg":1,"sequence_id":"31070"}}
{"print":{"nozzle_temper":140.40625,"bed_temper":73.75,"command":"push_status","msg":1,"sequence_id":"31071"}}
{"print":{"nozzle_temper":148.375,"bed_temper":74.5,"heatbreak_fan_speed":"9","wifi_signal":"-51dBm","command":"push_status","msg":1,"sequence_id":"31072"}}
{"print":{"nozzle_temper":156.03125,"bed_temper":75.0625,"wifi_signal":"-53dBm","command":"push_status","msg":1,"sequence_id":"31073"}}
{"print":{"nozzle_temper":163.46875,"bed_temper":75.4375,"heatbreak_fan_speed":"8","wifi_signal":"-52dBm","command":"push_status","msg":1,"sequence_id":"31074"}}
{"print":{"nozzle_temper":170.5625,"bed_temper":75.6875,"heatbreak_fan_speed":"9","wifi_signal":"-53dBm","command":"push_status","msg":1,"sequence_id":"31075"}}
{"print":{"nozzle_temper":177.40625,"bed_temper":75.84375,"wifi_signal":"-51dBm","command":"push_status","msg":1,"sequence_id":"31076"}}
{"print":{"nozzle_temper":183.9375,"bed_temper":75.875,"wifi_signal":"-53dBm","command":"push_status","msg":1,"sequence_id":"31077"}}
{"print":{"nozzle_temper":190.25,"wifi_signal":"-52dBm","command":"push_status","msg":1,"sequence_id":"31078"}}
{"print":{"nozzle_temper":196.3125,"bed_temper":75.8125,"wifi_signal":"-53dBm","command":"push_status","msg":1,"sequence_id":"31079"}}
{"print":{"nozzle_temper":202.21875,"bed_temper":75.75,"wifi_signal":"-51dBm","command":"push_status","msg":1,"sequence_id":"31080"}}
{"print":{"nozzle_temper":207.53125,"bed_temper":75.625,"heatbreak_fan_speed":"10","wifi_signal":"-53dBm","command":"push_status","msg":1,"sequence_id":"31081"}}
{"print":{"nozzle_temper":211.78125,"bed_temper":75.46875,"wifi_signal":"-51dBm","command":"push_status","msg":1,"sequence_id":"31082"}}
{"print":{"nozzle_temper":214.78125,"nozzle_target_temper":250,"bed_temper":75.34375,"ams_status":261,"wifi_signal":"-53dBm","mc_print_sub_stage":0,"command":"push_status","msg":1,"sequence_id":"31083"}}
{"print":{"nozzle_temper":219.46875,"bed_temper":75.1875,"hw_switch_state":1,"command":"push_status","msg":1,"sequence_id":"31084"}}
{"print":{"nozzle_temper":221.46875,"bed_temper":75.125,"ams_status":262,"command":"push_status","msg":1,"sequence_id":"31085"}}
{"print":{"nozzle_temper":225.84375,"bed_temper":74.96875,"ams_status":258,"wifi_signal":"-51dBm","command":"push_status","msg":1,"sequence_id":"31086"}}
{"print":{"nozzle_temper":230.5,"bed_temper":74.84375,"heatbreak_fan_speed":"11","command":"push_status","msg":1,"sequence_id":"31087"}}
{"print":{"nozzle_temper":235.1875,"bed_temper":74.75,"command":"push_status","msg":1,"sequence_id":"31088"}}
{"print":{"nozzle_temper":239.5625,"bed_temper":74.65625,"ams_status":262,"wifi_signal":"-53dBm","command":"push_status","msg":1,"sequence_id":"31089"}}
{"print":{"nozzle_temper":243.0625,"bed_temper":74.5625,"wifi_signal":"-51dBm","command":"push_status","msg":1,"sequence_id":"31090"}}
{"print":{"nozzle_temper":245.4375,"bed_temper":74.5,"command":"push_status","msg":1,"sequence_id":"31091"}}
{"print":{"nozzle_temper":246.84375,"bed_temper":74.40625,"wifi_signal":"-52dBm","command":"push_status","msg":1,"sequence_id":"31092"}}
{"print":{"nozzle_temper":247.59375,"bed_temper":74.375,"wifi_signal":"-51dBm","command":"push_status","msg":1,"sequence_id":"31093"}}
{"print":{"nozzle_temper":247.875,"bed_temper":74.34375,"wifi_signal":"-53dBm","mc_print_sub_stage":2,"command":"push_status","msg":1,"sequence_id":"31094"}}
{"print":{"nozzle_temper":247.9375,"ams_status":263,"ams":{"tray_now":"0","version":77},"command":"push_status","msg":1,"sequence_id":"31095"}}
{"print":{"nozzle_temper":248.09375,"bed_temper":74.28125,"mc_print_sub_stage":0,"command":"push_status","msg":1,"sequence_id":"31096"}}
{"print":{"nozzle_temper":248.4375,"bed_temper":74.25,"wifi_signal":"-51dBm","command":"push_status","msg":1,"sequence_id":"31097"}}
{"print":{"nozzle_temper":248.71875,"command":"push_status","msg":1,"sequence_id":"31098"}}
{"print":{"nozzle_temper":248.84375,"command":"push_status","msg":1,"sequence_id":"31099"}}
{"print":{"bed_temper":74.21875,"heatbreak_fan_speed":"12","wifi_signal":"-53dBm","command":"push_status","msg":1,"sequence_id":"31100"}}
{"print":{"nozzle_temper":248.90625,"bed_temper":74.25,"wifi_signal":"-51dBm","command":"push_status","msg":1,"sequence_id":"31101"}}
{"print":{"nozzle_temper":249.03125,"nozzle_target_temper":249,"heatbreak_fan_speed":"11","command":"push_status","msg":1,"sequence_id":"31102"}}
{"print":{"nozzle_temper":249.1875,"heatbreak_fan_speed":"12","ams_status":768,"ams":{"tray_pre":"0"},"command":"push_status","msg":1,"sequence_id":"31103"}}
{"print":{"nozzle_temper":249.28125,"command":"push_status","msg":1,"sequence_id":"31104"}}
{"print":{"nozzle_temper":249.21875,"bed_temper":74.28125,"command":"push_status","msg":1,"sequence_id":"31105"}}
{"print":{"nozzle_temper":249.1875,"command":"push_status","msg":1,"sequence_id":"31106"}}
{"print":{"nozzle_temper":249.15625,"bed_temper":74.3125,"heatbreak_fan_speed":"11","command":"push_status","msg":1,"sequence_id":"31107"}}
{"print":{"heatbreak_fan_speed":"12","command":"push_status","msg":1,"sequence_id":"31108"}}
{"print":{"nozzle_temper":249.21875,"bed_temper":74.34375,"wifi_signal":"-53dBm","command":"push_status","msg":1,"sequence_id":"31109"}}
{"print":{"nozzle_temper":249.3125,"nozzle_target_temper":220,"cooling_fan_speed":"5","big_fan1_speed":"5","big_fan2_speed":"5","mc_percent":4,"mc_remaining_time":21,"fan_gear":85,"command":"push_status","msg":1,"sequence_id":"31110"}}
{"print":{"nozzle_temper":248.8125,"cooling_fan_speed":"10","big_fan1_speed":"10","big_fan2_speed":"10","wifi_signal":"-46dBm","fan_gear":173,"command":"push_status","msg":1,"sequence_id":"31111"}}
{"print":{"nozzle_temper":246.78125,"bed_temper":74.375,"heatbreak_fan_speed":"11","cooling_fan_speed":"1","big_fan1_speed":"1","big_fan2_speed":"1","fan_gear":0,"command":"push_status","msg":1,"sequence_id":"31112"}}
{"print":{"nozzle_temper":243.8125,"nozzle_target_temper":170,"bed_temper":74.40625,"cooling_fan_speed":"0","big_fan1_speed":"0","big_fan2_speed":"0","wifi_signal":"-47dBm","stg_cur":3,"fan_gear":10,"command":"push_status","msg":1,"sequence_id":"31113"}}
{"print":{"nozzle_temper":240.5625,"cooling_fan_speed":"11","big_fan1_speed":"11","big_fan2_speed":"11","wifi_signal":"-49dBm","fan_gear":193,"command":"push_status","msg":1,"sequence_id":"31114"}}
{"print":{"nozzle_temper":237.25,"cooling_fan_speed":"15","big_fan1_speed":"15","big_fan2_speed":"15","wifi_signal":"-47dBm","mc_print_sub_stage":3,"fan_gear":255,"command":"push_status","msg":1,"sequence_id":"31115"}}
{"print":{"nozzle_temper":233.875,"wifi_signal":"-46dBm","command":"push_status","msg":1,"sequence_id":"31116"}}
{"print":{"nozzle_temper":230.53125,"bed_temper":74.34375,"wifi_signal":"-47dBm","command":"push_status","msg":1,"sequence_id":"31117"}}
{"print":{"nozzle_temper":227.21875,"bed_temper":74.25,"wifi_signal":"-48dBm","command":"push_status","msg":1,"sequence_id":"31118"}}
{"print":{"nozzle_temper":223.96875,"bed_temper":74.15625,"heatbreak_fan_speed":"10","command":"push_status","msg":1,"sequence_id":"31119"}}
{"print":{"nozzle_temper":220.8125,"bed_temper":74.03125,"wifi_signal":"-46dBm","command":"push_status","msg":1,"sequence_id":"31120"}}
{"print":{"nozzle_temper":217.8125,"bed_temper":73.90625,"command":"push_status","msg":1,"sequence_id":"31121"}}
{"print":{"nozzle_temper":214.9375,"bed_temper":73.78125,"command":"push_status","msg":1,"sequence_id":"31122"}}
{"print":{"nozzle_temper":210.75,"bed_temper":73.59375,"wifi_signal":"-48dBm","command":"push_status","msg":1,"sequence_id":"31123"}}
{"print":{"nozzle_temper":208.03125,"bed_temper":73.46875,"wifi_signal":"-47dBm","command":"push_status","msg":1,"sequence_id":"31124"}}
{"print":{"wifi_signal":"-48dBm","command":"push_status","msg":1,"sequence_id":"31125"}}
{"print":{"nozzle_temper":204.65625,"bed_temper":73.375,"cooling_fan_speed":"14","big_fan1_speed":"14","big_fan2_speed":"14","command":"push_status","msg":1,"sequence_id":"31126"}}
{"print":{"nozzle_temper":202.90625,"bed_temper":73.34375,"cooling_fan_speed":"15","big_fan1_speed":"15","big_fan2_speed":"15","mc_print_sub_stage":0,"command":"push_status","msg":1,"sequence_id":"31127"}}
{"print":{"nozzle_temper":199,"bed_temper":73.25,"heatbreak_fan_speed":"9","wifi_signal":"-47dBm","mc_print_sub_stage":1,"command":"push_status","msg":1,"sequence_id":"31128"}}
{"print":{"nozzle_temper":195.8125,"bed_temper":73.21875,"cooling_fan_speed":"14","big_fan1_speed":"14","big_fan2_speed":"14","command":"push_status","msg":1,"sequence_id":"31129"}}
{"print":{"nozzle_temper":193,"cooling_fan_speed":"15","big_fan1_speed":"15","big_fan2_speed":"15","command":"push_status","msg":1,"sequence_id":"31130"}}
{"print":{"nozzle_temper":190.4375,"bed_temper":73.25,"wifi_signal":"-50dBm","stg_cur":14,"mc_print_sub_stage":2,"command":"push_status","msg":1,"sequence_id":"31131"}}
{"print":{"nozzle_temper":188.09375,"bed_temper":73.34375,"cooling_fan_speed":"14","big_fan1_speed":"14","big_fan2_speed":"14","wifi_signal":"-47dBm","command":"push_status","msg":1,"sequence_id":"31132"}}
{"print":{"nozzle_temper":185.84375,"bed_temper":73.46875,"command":"push_status","msg":1,"sequence_id":"31133"}}
{"print":{"nozzle_temper":183.65625,"bed_temper":73.625,"cooling_fan_speed":"15","big_fan1_speed":"15","big_fan2_speed":"15","command":"push_status","msg":1,"sequence_id":"31134"}}
{"print":{"nozzle_temper":181.5625,"bed_temper":73.78125,"cooling_fan_speed":"14","big_fan1_speed":"14","big_fan2_speed":"14","wifi_signal":"-48dBm","command":"push_status","msg":1,"sequence_id":"31135"}}
{"print":{"nozzle_temper":180.53125,"bed_temper":73.84375,"heatbreak_fan_speed":"8","cooling_fan_speed":"15","big_fan1_speed":"15","big_fan2_speed":"15","wifi_signal":"-47dBm","command":"push_status","msg":1,"sequence_id":"31136"}}
{"print":{"nozzle_temper":178.5,"bed_temper":74,"wifi_signal":"-45dBm","command":"push_status","msg":1,"sequence_id":"31137"}}
{"print":{"nozzle_temper":176.46875,"bed_temper":74.125,"heatbreak_fan_speed":"9","command":"push_status","msg":1,"sequence_id":"31138"}}
{"print":{"nozzle_temper":174.5,"bed_temper":74.25,"cooling_fan_speed":"14","big_fan1_speed":"14","big_fan2_speed":"14","mc_percent":25,"mc_remaining_time":16,"mc_print_sub_stage":0,"command":"push_status","msg":1,"sequence_id":"31139"}}
{"print":{"nozzle_temper":172.53125,"bed_temper":74.375,"heatbreak_fan_speed":"8","wifi_signal":"-46dBm","command":"push_status","msg":1,"sequence_id":"31140"}}
{"print":{"nozzle_temper":170.8125,"bed_temper":74.46875,"cooling_fan_speed":"15","big_fan1_speed":"15","big_fan2_speed":"15","command":"push_status","msg":1,"sequence_id":"31141"}}
{"print":{"nozzle_temper":169.8125,"bed_temper":74.5,"wifi_signal":"-45dBm","command":"push_status","msg":1,"sequence_id":"31142"}}
{"print":{"nozzle_temper":169.4375,"bed_temper":74.46875,"cooling_fan_speed":"14","big_fan1_speed":"14","big_fan2_speed":"14","command":"push_status","msg":1,"sequence_id":"31143"}}
{"print":{"nozzle_temper":169.375,"bed_temper":74.375,"heatbreak_fan_speed":"9","cooling_fan_speed":"15","big_fan1_speed":"15","big_fan2_speed":"15","wifi_signal":"-46dBm","command":"push_status","msg":1,"sequence_id":"31144"}}
{"print":{"nozzle_temper":169.46875,"bed_temper":74.21875,"wifi_signal":"-51dBm","mc_print_sub_stage":2,"command":"push_status","msg":1,"sequence_id":"31145"}}
{"print":{"nozzle_temper":169.65625,"bed_temper":74.03125,"cooling_fan_speed":"14","big_fan1_speed":"14","big_fan2_speed":"14","wifi_signal":"-53dBm","home_flag":847070619,"mc_print_sub_stage":1,"command":"push_status","msg":1,"sequence_id":"31146"}}
{"print":{"nozzle_temper":169.8125,"bed_temper":73.875,"wifi_signal":"-54dBm","command":"push_status","msg":1,"sequence_id":"31147"}}
{"print":{"nozzle_temper":169.75,"bed_temper":73.71875,"heatbreak_fan_speed":"8","wifi_signal":"-52dBm","home_flag":847070623,"command":"push_status","msg":1,"sequence_id":"31148"}}
{"print":{"nozzle_temper":169.625,"nozzle_target_temper":140,"heatbreak_fan_speed":"9","cooling_fan_speed":"15","big_fan1_speed":"15","big_fan2_speed":"15","wifi_signal":"-54dBm","mc_print_sub_stage":0,"command":"push_status","msg":1,"sequence_id":"31149"}}
{"print":{"nozzle_temper":169.125,"cooling_fan_speed":"14","big_fan1_speed":"14","big_fan2_speed":"14","wifi_signal":"-50dBm","command":"push_status","msg":1,"sequence_id":"31150"}}
{"print":{"nozzle_temper":167.9375,"bed_temper":73.78125,"heatbreak_fan_speed":"8","mc_percent":26,"wifi_signal":"-48dBm","command":"push_status","msg":1,"sequence_id":"31151"}}
{"print":{"nozzle_temper":166.28125,"bed_temper":73.875,"heatbreak_fan_speed":"9","cooling_fan_speed":"15","big_fan1_speed":"15","big_fan2_speed":"15","wifi_signal":"-49dBm","command":"push_status","msg":1,"sequence_id":"31152"}}
{"print":{"nozzle_temper":164.40625,"bed_temper":73.96875,"wifi_signal":"-54dBm","command":"push_status","msg":1,"sequence_id":"31153"}}
{"print":{"nozzle_temper":162.46875,"bed_temper":74.0625,"mc_print_sub_stage":2,"command":"push_status","msg":1,"sequence_id":"31154"}}
{"print":{"nozzle_temper":160.5,"bed_temper":74.15625,"heatbreak_fan_speed":"8","command":"push_status","msg":1,"sequence_id":"31155"}}
{"print":{"nozzle_temper":158.5,"bed_temper":74.25,"cooling_fan_speed":"14","big_fan1_speed":"14","big_fan2_speed":"14","command":"push_status","msg":1,"sequence_id":"31156"}}
{"print":{"nozzle_temper":156.5,"bed_temper":74.34375,"heatbreak_fan_speed":"9","cooling_fan_speed":"15","big_fan1_speed":"15","big_fan2_speed":"15","wifi_signal":"-55dBm","command":"push_status","msg":1,"sequence_id":"31157"}}
{"print":{"nozzle_temper":154.59375,"bed_temper":74.4375,"command":"push_status","msg":1,"sequence_id":"31158"}}
{"print":{"nozzle_temper":152.71875,"bed_temper":74.5,"heatbreak_fan_speed":"8","cooling_fan_speed":"14","big_fan1_speed":"14","big_fan2_speed":"14","wifi_signal":"-54dBm","command":"push_status","msg":1,"sequence_id":"31159"}}
{"print":{"nozzle_temper":150.875,"bed_temper":74.59375,"wifi_signal":"-53dBm","command":"push_status","msg":1,"sequence_id":"31160"}}
{"print":{"nozzle_temper":149.09375,"bed_temper":74.6875,"heatbreak_fan_speed":"9","cooling_fan_speed":"15","big_fan1_speed":"15","big_fan2_speed":"15","wifi_signal":"-55dBm","command":"push_status","msg":1,"sequence_id":"31161"}}
{"print":{"nozzle_temper":147.34375,"bed_temper":74.75,"command":"push_status","msg":1,"sequence_id":"31162"}}
{"print":{"nozzle_temper":145.625,"bed_temper":74.8125,"wifi_signal":"-52dBm","command":"push_status","msg":1,"sequence_id":"31163"}}
{"print":{"ipcam":{"ipcam_dev":"1","ipcam_record":"disable","timelapse":"disable","resolution":"1080p","tutk_server":"disable","mode_bits":3},"upload":{"status":"idle","progress":0,"message":""},"net":{"conf":0,"info":[{"ip":1419749568,"mask":16711679}]},"nozzle_temper":145.625,"nozzle_target_temper":140,"bed_temper":74.8125,"bed_target_temper":75,"chamber_temper":5,"mc_print_stage":"2","heatbreak_fan_speed":"9","cooling_fan_speed":"15","big_fan1_speed":"15","big_fan2_speed":"15","mc_percent":26,"mc_remaining_time":16,"ams_status":768,"ams_rfid_status":2,"hw_switch_state":1,"spd_mag":100,"spd_lvl":2,"print_error":0,"lifecycle":"product","wifi_signal":"-52dBm","gcode_state":"RUNNING","gcode_file_prepare_percent":"100","queue_number":0,"queue_total":0,"queue_est":0,"queue_sts":0,"project_id":"0","profile_id":"0","task_id":"0","subtask_id":"0","subtask_name":"CLIPPY - filament clip - flat version.3mf","gcode_file":"CLIPPY - filament clip - flat version.3mf","stg":[2,13,24,4,3,14,13],"stg_cur":14,"print_type":"local","home_flag":847070623,"mc_print_line_number":"0","mc_print_sub_stage":2,"sdcard":true,"force_upgrade":false,"mess_production_state":"active","layer_num":0,"total_layer_num":50,"s_obj":[],"filam_bak":[9],"fan_gear":255,"nozzle_diameter":"0.4","nozzle_type":"stainless_steel","cali_version":0,"k":"0.0200","flag3":8,"upgrade_state":{"sequence_id":0,"progress":"","status":"IDLE","consistency_request":false,"dis_state":0,"err_code":0,"force_upgrade":false,"message":"0%, 0B/s","module":"","new_version_state":2,"cur_state_code":1,"idx2":2687159313,"new_ver_list":[]},"hms":[],"online":{"ahb":false,"rfid":false,"version":1417082049},"ams":{"ams":[{"id":"0","humidity":"5","temp":"0.0","tray":[{"id":"0","remain":100,"k":0.019999999552965164,"n":1,"cali_idx":-1,"tag_uid":"0000000000000000","tray_id_name":"","tray_info_idx":"GFL99","tray_type":"PLA","tray_sub_brands":"","tray_color":"000000FF","tray_weight":"0","tray_diameter":"0.00","tray_temp":"0","tray_time":"0","bed_temp_type":"0","bed_temp":"0","nozzle_temp_max":"240","nozzle_temp_min":"190","xcam_info":"000000000000000000000000","tray_uuid":"00000000000000000000000000000000","ctype":0,"cols":["000000FF"]},{"id":"1","remain":100,"k":0.019999999552965164,"n":1,"cali_idx":-1,"tag_uid":"0000000000000000","tray_id_name":"","tray_info_idx":"GFL99","tray_type":"PLA","tray_sub_brands":"","tray_color":"FFFAFAFF","tray_weight":"0","tray_diameter":"0.00","tray_temp":"0","tray_time":"0","bed_temp_type":"0","bed_temp":"0","nozzle_temp_max":"230","nozzle_temp_min":"210","xcam_info":"000000000000000000000000","tray_uuid":"00000000000000000000000000000000","ctype":0,"cols":["FFFAFAFF"]},{"id":"2","remain":100,"k":0.019999999552965164,"n":1,"cali_idx":-1,"tag_uid":"3A0683FE00000100","tray_id_name":"A01-W2","tray_info_idx":"GFA01","tray_type":"PLA","tray_sub_brands":"PLA Matte","tray_color":"FFFFFFFF","tray_weight":"1000","tray_diameter":"1.75","tray_temp":"55","tray_time":"8","bed_temp_type":"0","bed_temp":"0","nozzle_temp_max":"230","nozzle_temp_min":"190","xcam_info":"D007D007E803E8030000803F","tray_uuid":"C4342B28CC2C4A08ADF74DD220C3C967","ctype":0,"cols":["FFFFFFFF"]},{"id":"3","remain":100,"k":0.019999999552965164,"n":1,"cali_idx":-1,"tag_uid":"0000000000000000","tray_id_name":"","tray_info_idx":"GFL99","tray_type":"PLA","tray_sub_brands":"","tray_color":"00BBFFFF","tray_weight":"0","tray_diameter":"0.00","tray_temp":"0","tray_time":"0","bed_temp_type":"0","bed_temp":"0","nozzle_temp_max":"230","nozzle_temp_min":"190","xcam_info":"000000000000000000000000","tray_uuid":"00000000000000000000000000000000","ctype":0,"cols":["00BBFFFF"]}]}],"ams_exist_bits":"1","tray_exist_bits":"f","tray_is_bbl_bits":"f","tray_tar":"0","tray_now":"0","tray_pre":"0","tray_read_done_bits":"f","tray_reading_bits":"0","version":77,"insert_flag":true,"power_on_flag":true},"xcam":{"buildplate_marker_detector":true},"vt_tray":{"id":"254","tag_uid":"0000000000000000","tray_id_name":"","tray_info_idx":"GFU99","tray_type":"TPU","tray_sub_brands":"","tray_color":"000000FF","tray_weight":"0","tray_diameter":"0.00","tray_temp":"0","tray_time":"0","bed_temp_type":"0","bed_temp":"0","nozzle_temp_max":"230","nozzle_temp_min":"190","xcam_info":"000000000000000000000000","tray_uuid":"00000000000000000000000000000000","remain":0,"k":0.019999999552965164,"n":1,"cali_idx":-1},"lights_report":[{"node":"chamber_light","mode":"off"}],"command":"push_status","msg":0,"sequence_id":"31164"}}
{"print":{"nozzle_temper":143.96875,"bed_temper":74.875,"heatbreak_fan_speed":"8","cooling_fan_speed":"14","big_fan1_speed":"14","big_fan2_speed":"14","wifi_signal":"-47dBm","command":"push_status","msg":1,"sequence_id":"31165"}}
{"print":{"nozzle_temper":142.40625,"bed_temper":74.90625,"heatbreak_fan_speed":"9","command":"push_status","msg":1,"sequence_id":"31166"}}
{"print":{"nozzle_temper":141.125,"bed_temper":74.96875,"stg_cur":13,"mc_print_sub_stage":1,"fan_gear":210,"command":"push_status","msg":1,"sequence_id":"31167"}}
{"print":{"nozzle_temper":140.3125,"bed_temper":75,"cooling_fan_speed":"3","big_fan1_speed":"3","big_fan2_speed":"3","fan_gear":43,"command":"push_status","msg":1,"sequence_id":"31168"}}
{"print":{"nozzle_temper":139.96875,"bed_temper":75.03125,"cooling_fan_speed":"0","big_fan1_speed":"0","big_fan2_speed":"0","wifi_signal":"-48dBm","fan_gear":0,"command":"push_status","msg":1,"sequence_id":"31169"}}
{"print":{"bed_temper":75.0625,"wifi_signal":"-47dBm","home_flag":847070619,"command":"push_status","msg":1,"sequence_id":"31170"}}
{"print":{"nozzle_temper":140,"wifi_signal":"-48dBm","command":"push_status","msg":1,"sequence_id":"31171"}}
{"print":{"heatbreak_fan_speed":"8","home_flag":847070623,"command":"push_status","msg":1,"sequence_id":"31172"}}
{"print":{"nozzle_temper":139.96875,"wifi_signal":"-47dBm","command":"push_status","msg":1,"sequence_id":"31173"}}
{"print":{"nozzle_temper":139.9375,"nozzle_target_temper":220,"wifi_signal":"-46dBm","mc_print_sub_stage":2,"command":"push_status","msg":1,"sequence_id":"31174"}}
{"print":{"nozzle_temper":140.3125,"bed_temper":75.09375,"k":"0.0000","command":"push_status","msg":1,"sequence_id":"31175"}}
{"print":{"command":"extrusion_cali_get","filament_id":"","nozzle_diameter":"0.4","sequence_id":"20222","filaments":[{"setting_id":"GFSA01_04","filament_id":"GFA01","name":"Bambu PLA Matte Grau","k_value":"0.02500","n_coef":"1.000","cali_idx":588,"is_history_setting":false}],"reason":"success","result":"success"}}
{"print":{"ipcam":{"ipcam_dev":"1","ipcam_record":"disable","timelapse":"disable","resolution":"1080p","tutk_server":"disable","mode_bits":3},"upload":{"status":"idle","progress":0,"message":""},"net":{"conf":0,"info":[{"ip":1419749568,"mask":16711679}]},"nozzle_temper":143.375,"nozzle_target_temper":220,"bed_temper":75.09375,"bed_target_temper":75,"chamber_temper":5,"mc_print_stage":"2","heatbreak_fan_speed":"9","cooling_fan_speed":"0","big_fan1_speed":"0","big_fan2_speed":"0","mc_percent":26,"mc_remaining_time":16,"ams_status":768,"ams_rfid_status":2,"hw_switch_state":1,"spd_mag":100,"spd_lvl":2,"print_error":0,"lifecycle":"product","wifi_signal":"-46dBm","gcode_state":"RUNNING","gcode_file_prepare_percent":"100","queue_number":0,"queue_total":0,"queue_est":0,"queue_sts":0,"project_id":"0","profile_id":"0","task_id":"0","subtask_id":"0","subtask_name":"CLIPPY - filament clip - flat version.3mf","gcode_file":"CLIPPY - filament clip - flat version.3mf","stg":[2,13,24,4,3,14,13],"stg_cur":13,"print_type":"local","home_flag":847070623,"mc_print_line_number":"0","mc_print_sub_stage":2,"sdcard":true,"force_upgrade":false,"mess_production_state":"active","layer_num":0,"total_layer_num":50,"s_obj":[],"filam_bak":[9],"fan_gear":0,"nozzle_diameter":"0.4","nozzle_type":"stainless_steel","cali_version":0,"k":"0.0000","flag3":8,"upgrade_state":{"sequence_id":0,"progress":"","status":"IDLE","consistency_request":false,"dis_state":0,"err_code":0,"force_upgrade":false,"message":"0%, 0B/s","module":"","new_version_state":2,"cur_state_code":1,"idx2":2687159313,"new_ver_list":[]},"hms":[],"online":{"ahb":false,"rfid":false,"version":1417082049},"ams":{"ams":[{"id":"0","humidity":"5","temp":"0.0","tray":[{"id":"0","remain":100,"k":0.019999999552965164,"n":1,"cali_idx":-1,"tag_uid":"0000000000000000","tray_id_name":"","tray_info_idx":"GFL99","tray_type":"PLA","tray_sub_brands":"","tray_color":"000000FF","tray_weight":"0","tray_diameter":"0.00","tray_temp":"0","tray_time":"0","bed_temp_type":"0","bed_temp":"0","nozzle_temp_max":"240","nozzle_temp_min":"190","xcam_info":"000000000000000000000000","tray_uuid":"00000000000000000000000000000000","ctype":0,"cols":["000000FF"]},{"id":"1","remain":100,"k":0.019999999552965164,"n":1,"cali_idx":-1,"tag_uid":"0000000000000000","tray_id_name":"","tray_info_idx":"GFL99","tray_type":"PLA","tray_sub_brands":"","tray_color":"FFFAFAFF","tray_weight":"0","tray_diameter":"0.00","tray_temp":"0","tray_time":"0","bed_temp_type":"0","bed_temp":"0","nozzle_temp_max":"230","nozzle_temp_min":"210","xcam_info":"000000000000000000000000","tray_uuid":"00000000000000000000000000000000","ctype":0,"cols":["FFFAFAFF"]},{"id":"2","remain":100,"k":0.019999999552965164,"n":1,"cali_idx":-1,"tag_uid":"3A0683FE00000100","tray_id_name":"A01-W2","tray_info_idx":"GFA01","tray_type":"PLA","tray_sub_brands":"PLA Matte","tray_color":"FFFFFFFF","tray_weight":"1000","tray_diameter":"1.75","tray_temp":"55","tray_time":"8","bed_temp_type":"0","bed_temp":"0","nozzle_temp_max":"230","nozzle_temp_min":"190","xcam_info":"D007D007E803E8030000803F","tray_uuid":"C4342B28CC2C4A08ADF74DD220C3C967","ctype":0,"cols":["FFFFFFFF"]},{"id":"3","remain":100,"k":0.019999999552965164,"n":1,"cali_idx":-1,"tag_uid":"0000000000000000","tray_id_name":"","tray_info_idx":"GFL99","tray_type":"PLA","tray_sub_brands":"","tray_color":"00BBFFFF","tray_weight":"0","tray_diameter":"0.00","tray_temp":"0","tray_time":"0","bed_temp_type":"0","bed_temp":"0","nozzle_temp_max":"230","nozzle_temp_min":"190","xcam_info":"000000000000000000000000","tray_uuid":"00000000000000000000000000000000","ctype":0,"cols":["00BBFFFF"]}]}],"ams_exist_bits":"1","tray_exist_bits":"f","tray_is_bbl_bits":"f","tray_tar":"0","tray_now":"0","tray_pre":"0","tray_read_done_bits":"f","tray_reading_bits":"0","version":77,"insert_flag":true,"power_on_flag":true},"xcam":{"buildplate_marker_detector":true},"vt_tray":{"id":"254","tag_uid":"0000000000000000","tray_id_name":"","tray_info_idx":"GFU99","tray_type":"TPU","tray_sub_brands":"","tray_color":"000000FF","tray_weight":"0","tray_diameter":"0.00","tray_temp":"0","tray_time":"0","bed_temp_type":"0","bed_temp":"0","nozzle_temp_max":"230","nozzle_temp_min":"190","xcam_info":"000000000000000000000000","tray_uuid":"00000000000000000000000000000000","remain":0,"k":0.019999999552965164,"n":1,"cali_idx":-1},"lights_report":[{"node":"chamber_light","mode":"off"}],"command":"push_status","msg":0,"sequence_id":"31176"}}
{"system":{"command":"get_access_code","sequence_id":"20225","access_code":"12313644","reason":"success","result":"success"}}
{"info":{"command":"get_version","sequence_id":"20224","module":[{"name":"ota","project_name":"N2S","sw_ver":"01.04.00.00","hw_ver":"OTA","sn":"03919D4A2404685","flag":3},{"name":"esp32","project_name":"N2S","sw_ver":"01.11.33.55","hw_ver":"AP05","sn":"03919D4A2404685","flag":0},{"name":"mc","project_name":"N2S","sw_ver":"00.00.29.76","loader_ver":"00.00.00.32","hw_ver":"MC02","sn":"04506A490627368","flag":0},{"name":"th","project_name":"N2S","sw_ver":"00.00.07.69","loader_ver":"00.00.00.26","hw_ver":"TH01","sn":"03B06A491406413","flag":0},{"name":"ams_f1/0","project_name":"","sw_ver":"00.00.07.94","loader_ver":"00.00.00.00","ota_ver":"00.00.00.00","hw_ver":"AMS_F102","sn":"03C12A462011332","flag":0}],"result":"success","reason":""}}
{"print":{"nozzle_temper":149.09375,"bed_temper":75.125,"heatbreak_fan_speed":"8","wifi_signal":"-47dBm","command":"push_status","msg":1,"sequence_id":"31177"}}
{"print":{"nozzle_temper":156.25,"wifi_signal":"-46dBm","command":"push_status","msg":1,"sequence_id":"31178"}}
{"print":{"nozzle_temper":163.875,"bed_temper":75.15625,"command":"push_status","msg":1,"sequence_id":"31179"}}
{"print":{"nozzle_temper":171.6875,"wifi_signal":"-44dBm","command":"push_status","msg":1,"sequence_id":"31180"}}
{"print":{"nozzle_temper":179.25,"bed_temper":75.1875,"wifi_signal":"-46dBm","command":"push_status","msg":1,"sequence_id":"31181"}}
{"print":{"nozzle_temper":186.59375,"heatbreak_fan_speed":"9","wifi_signal":"-44dBm","command":"push_status","msg":1,"sequence_id":"31182"}}
{"print":{"nozzle_temper":193.6875,"wifi_signal":"-46dBm","command":"push_status","msg":1,"sequence_id":"31183"}}
{"print":{"nozzle_temper":200.53125,"command":"push_status","msg":1,"sequence_id":"31184"}}
{"print":{"nozzle_temper":206.75,"command":"push_status","msg":1,"sequence_id":"31185"}}
{"print":{"nozzle_temper":213.75,"heatbreak_fan_speed":"10","wifi_signal":"-44dBm","mc_print_sub_stage":0,"command":"push_status","msg":1,"sequence_id":"31186"}}
{"print":{"nozzle_temper":215.3125,"bed_temper":75.15625,"wifi_signal":"-46dBm","command":"push_status","msg":1,"sequence_id":"31187"}}
{"print":{"nozzle_temper":217.34375,"wifi_signal":"-45dBm","stg_cur":0,"layer_num":1,"k":"0.0200","command":"push_status","msg":1,"sequence_id":"31188"}}
{"print":{"nozzle_temper":218.4375,"mc_percent":28,"wifi_signal":"-44dBm","command":"push_status","msg":1,"sequence_id":"31189"}}
{"print":{"nozzle_temper":218.71875,"wifi_signal":"-46dBm","command":"push_status","msg":1,"sequence_id":"31190"}}
{"print":{"nozzle_temper":219.09375,"bed_temper":75.125,"command":"push_status","msg":1,"sequence_id":"31191"}}
{"print":{"nozzle_temper":219.4375,"bed_temper":75.09375,"command":"push_status","msg":1,"sequence_id":"31192"}}
{"print":{"nozzle_temper":219.75,"bed_temper":75.0625,"command":"push_status","msg":1,"sequence_id":"31193"}}
{"print":{"nozzle_temper":219.90625,"command":"push_status","msg":1,"sequence_id":"31194"}}
{"print":{"nozzle_temper":219.96875,"bed_temper":75.03125,"wifi_signal":"-47dBm","command":"push_status","msg":1,"sequence_id":"31195"}}
{"print":{"nozzle_temper":220.03125,"bed_temper":75,"wifi_signal":"-45dBm","command":"push_status","msg":1,"sequence_id":"31196"}}
{"print":{"nozzle_temper":220.0625,"wifi_signal":"-47dBm","command":"push_status","msg":1,"sequence_id":"31197"}}
{"print":{"nozzle_temper":220.125,"bed_temper":74.96875,"mc_percent":29,"wifi_signal":"-45dBm","command":"push_status","msg":1,"sequence_id":"31198"}}
{"print":{"nozzle_temper":220.15625,"bed_temper":74.9375,"wifi_signal":"-47dBm","command":"push_status","msg":1,"sequence_id":"31199"}}
{"print":{"nozzle_temper":220.1875,"mc_remaining_time":15,"wifi_signal":"-48dBm","command":"push_status","msg":1,"sequence_id":"31200"}}
{"print":{"nozzle_temper":220.25,"bed_temper":74.90625,"wifi_signal":"-45dBm","command":"push_status","msg":1,"sequence_id":"31201"}}
{"print":{"nozzle_temper":220.28125,"wifi_signal":"-48dBm","command":"push_status","msg":1,"sequence_id":"31202"}}
{"print":{"nozzle_temper":220.3125,"wifi_signal":"-47dBm","command":"push_status","msg":1,"sequence_id":"31203"}}
{"print":{"nozzle_temper":220.34375,"mc_percent":30,"wifi_signal":"-45dBm","command":"push_status","msg":1,"sequence_id":"31204"}}
{"print":{"wifi_signal":"-48dBm","command":"push_status","msg":1,"sequence_id":"31205"}}
{"print":{"wifi_signal":"-47dBm","command":"push_status","msg":1,"sequence_id":"31206"}}
{"print":{"wifi_signal":"-48dBm","command":"push_status","msg":1,"sequence_id":"31207"}}
{"print":{"wifi_signal":"-47dBm","command":"push_status","msg":1,"sequence_id":"31208"}}
{"print":{"wifi_signal":"-48dBm","command":"push_status","msg":1,"sequence_id":"31209"}}
{"print":{"bed_temper":74.9375,"wifi_signal":"-49dBm","command":"push_status","msg":1,"sequence_id":"31210"}}
{"print":{"mc_percent":31,"command":"push_status","msg":1,"sequence_id":"31211"}}
{"print":{"wifi_signal":"-46dBm","command":"push_status","msg":1,"sequence_id":"31212"}}
{"print":{"wifi_signal":"-49dBm","command":"push_status","msg":1,"sequence_id":"31213"}}
{"print":{"bed_temper":74.96875,"wifi_signal":"-47dBm","command":"push_status","msg":1,"sequence_id":"31214"}}
{"print":{"nozzle_temper":220.3125,"command":"push_status","msg":1,"sequence_id":"31215"}}
{"print":{"wifi_signal":"-44dBm","command":"push_status","msg":1,"sequence_id":"31216"}}
{"print":{"wifi_signal":"-49dBm","command":"push_status","msg":1,"sequence_id":"31217"}}
{"print":{"nozzle_temper":220.28125,"wifi_signal":"-46dBm","command":"push_status","msg":1,"sequence_id":"31218"}}
{"print":{"mc_percent":32,"wifi_signal":"-50dBm","command":"push_status","msg":1,"sequence_id":"31219"}}
{"print":{"nozzle_temper":220.25,"wifi_signal":"-44dBm","command":"push_status","msg":1,"sequence_id":"31220"}}
{"print":{"wifi_signal":"-47dBm","command":"push_status","msg":1,"sequence_id":"31221"}}
{"print":{"nozzle_temper":220.21875,"wifi_signal":"-46dBm","command":"push_status","msg":1,"sequence_id":"31222"}}
{"print":{"ipcam":{"ipcam_dev":"1","ipcam_record":"disable","timelapse":"disable","resolution":"1080p","tutk_server":"disable","mode_bits":3},"upload":{"status":"idle","progress":0,"message":""},"net":{"conf":0,"info":[{"ip":1419749568,"mask":16711679}]},"nozzle_temper":220.21875,"nozzle_target_temper":220,"bed_temper":74.96875,"bed_target_temper":75,"chamber_temper":5,"mc_print_stage":"2","heatbreak_fan_speed":"10","cooling_fan_speed":"0","big_fan1_speed":"0","big_fan2_speed":"0","mc_percent":32,"mc_remaining_time":15,"ams_status":768,"ams_rfid_status":2,"hw_switch_state":1,"spd_mag":100,"spd_lvl":2,"print_error":0,"lifecycle":"product","wifi_signal":"-49dBm","gcode_state":"RUNNING","gcode_file_prepare_percent":"100","queue_number":0,"queue_total":0,"queue_est":0,"queue_sts":0,"project_id":"0","profile_id":"0","task_id":"0","subtask_id":"0","subtask_name":"CLIPPY - filament clip - flat version.3mf","gcode_file":"CLIPPY - filament clip - flat version.3mf","stg":[2,13,24,4,3,14,13],"stg_cur":0,"print_type":"local","home_flag":847070623,"mc_print_line_number":"0","mc_print_sub_stage":0,"sdcard":true,"force_upgrade":false,"mess_production_state":"active","layer_num":1,"total_layer_num":50,"s_obj":[],"filam_bak":[9],"fan_gear":0,"nozzle_diameter":"0.4","nozzle_type":"stainless_steel","cali_version":0,"k":"0.0200","flag3":8,"upgrade_state":{"sequence_id":0,"progress":"","status":"IDLE","consistency_request":false,"dis_state":0,"err_code":0,"force_upgrade":false,"message":"0%, 0B/s","module":"","new_version_state":2,"cur_state_code":1,"idx2":2687159313,"new_ver_list":[]},"hms":[],"online":{"ahb":false,"rfid":false,"version":1417082049},"ams":{"ams":[{"id":"0","humidity":"5","temp":"0.0","tray":[{"id":"0","remain":100,"k":0.019999999552965164,"n":1,"cali_idx":-1,"tag_uid":"0000000000000000","tray_id_name":"","tray_info_idx":"GFL99","tray_type":"PLA","tray_sub_brands":"","tray_color":"000000FF","tray_weight":"0","tray_diameter":"0.00","tray_temp":"0","tray_time":"0","bed_temp_type":"0","bed_temp":"0","nozzle_temp_max":"240","nozzle_temp_min":"190","xcam_info":"000000000000000000000000","tray_uuid":"00000000000000000000000000000000","ctype":0,"cols":["000000FF"]},{"id":"1","remain":100,"k":0.019999999552965164,"n":1,"cali_idx":-1,"tag_uid":"0000000000000000","tray_id_name":"","tray_info_idx":"GFL99","tray_type":"PLA","tray_sub_brands":"","tray_color":"FFFAFAFF","tray_weight":"0","tray_diameter":"0.00","tray_temp":"0","tray_time":"0","bed_temp_type":"0","bed_temp":"0","nozzle_temp_max":"230","nozzle_temp_min":"210","xcam_info":"000000000000000000000000","tray_uuid":"00000000000000000000000000000000","ctype":0,"cols":["FFFAFAFF"]},{"id":"2","remain":100,"k":0.019999999552965164,"n":1,"cali_idx":-1,"tag_uid":"3A0683FE00000100","tray_id_name":"A01-W2","tray_info_idx":"GFA01","tray_type":"PLA","tray_sub_brands":"PLA Matte","tray_color":"FFFFFFFF","tray_weight":"1000","tray_diameter":"1.75","tray_temp":"55","tray_time":"8","bed_temp_type":"0","bed_temp":"0","nozzle_temp_max":"230","nozzle_temp_min":"190","xcam_info":"D007D007E803E8030000803F","tray_uuid":"C4342B28CC2C4A08ADF74DD220C3C967","ctype":0,"cols":["FFFFFFFF"]},{"id":"3","remain":100,"k":0.019999999552965164,"n":1,"cali_idx":-1,"tag_uid":"0000000000000000","tray_id_name":"","tray_info_idx":"GFL99","tray_type":"PLA","tray_sub_brands":"","tray_color":"00BBFFFF","tray_weight":"0","tray_diameter":"0.00","tray_temp":"0","tray_time":"0","bed_temp_type":"0","bed_temp":"0","nozzle_temp_max":"230","nozzle_temp_min":"190","xcam_info":"000000000000000000000000","tray_uuid":"00000000000000000000000000000000","ctype":0,"cols":["00BBFFFF"]}]}],"ams_exist_bits":"1","tray_exist_bits":"f","tray_is_bbl_bits":"f","tray_tar":"0","tray_now":"0","tray_pre":"0","tray_read_done_bits":"f","tray_reading_bits":"0","version":77,"insert_flag":true,"power_on_flag":true},"xcam":{"buildplate_marker_detector":true},"vt_tray":{"id":"254","tag_uid":"0000000000000000","tray_id_name":"","tray_info_idx":"GFU99","tray_type":"TPU","tray_sub_brands":"","tray_color":"000000FF","tray_weight":"0","tray_diameter":"0.00","tray_temp":"0","tray_time":"0","bed_temp_type":"0","bed_temp":"0","nozzle_temp_max":"230","nozzle_temp_min":"190","xcam_info":"000000000000000000000000","tray_uuid":"00000000000000000000000000000000","remain":0,"k":0.019999999552965164,"n":1,"cali_idx":-1},"lights_report":[{"node":"chamber_light","mode":"off"}],"command":"push_status","msg":0,"sequence_id":"31223"}}
{"info":{"command":"get_version","sequence_id":"2003","module":[{"name":"ota","project_name":"N2S","sw_ver":"01.04.00.00","hw_ver":"OTA","sn":"03919D4A2404685","flag":3},{"name":"esp32","project_name":"N2S","sw_ver":"01.11.33.55","hw_ver":"AP05","sn":"03919D4A2404685","flag":0},{"name":"mc","project_name":"N2S","sw_ver":"00.00.29.76","loader_ver":"00.00.00.32","hw_ver":"MC02","sn":"04506A490627368","flag":0},{"name":"th","project_name":"N2S","sw_ver":"00.00.07.69","loader_ver":"00.00.00.26","hw_ver":"TH01","sn":"03B06A491406413","flag":0},{"name":"ams_f1/0","project_name":"","sw_ver":"00.00.07.94","loader_ver":"00.00.00.00","ota_ver":"00.00.00.00","hw_ver":"AMS_F102","sn":"03C12A462011332","flag":0}],"result":"success","reason":""}}
{"liveview":{"sequence_id":"0","command":"prepare","ttcode":"1NSAEAAPET3E23JJ111A","region":"us","reason":"","result":"succeed"}}
{"liveview":{"sequence_id":"2005","command":"prepare","timestamp":1741549319317,"ttcode":"1NSAEAAPET3E23JJ111A","region":"us","reason":"","result":"succeed"}}
{"print":{"wifi_signal":"-46dBm","ipcam":{"tutk_server":"enable"},"command":"push_status","msg":1,"sequence_id":"31224"}}
{"info":{"command":"get_version","sequence_id":"20227","module":[{"name":"ota","project_name":"N2S","sw_ver":"01.04.00.00","hw_ver":"OTA","sn":"03919D4A2404685","flag":3},{"name":"esp32","project_name":"N2S","sw_ver":"01.11.33.55","hw_ver":"AP05","sn":"03919D4A2404685","flag":0},{"name":"mc","project_name":"N2S","sw_ver":"00.00.29.76","loader_ver":"00.00.00.32","hw_ver":"MC02","sn":"04506A490627368","flag":0},{"name":"th","project_name":"N2S","sw_ver":"00.00.07.69","loader_ver":"00.00.00.26","hw_ver":"TH01","sn":"03B06A491406413","flag":0},{"name":"ams_f1/0","project_name":"","sw_ver":"00.00.07.94","loader_ver":"00.00.00.00","ota_ver":"00.00.00.00","hw_ver":"AMS_F102","sn":"03C12A462011332","flag":0}],"result":"success","reason":""}}
{"system":{"command":"get_access_code","sequence_id":"20228","access_code":"12313644","reason":"success","result":"success"}}
{"print":{"ipcam":{"ipcam_dev":"1","ipcam_record":"disable","timelapse":"disable","resolution":"1080p","tutk_server":"enable","mode_bits":3},"upload":{"status":"idle","progress":0,"message":""},"net":{"conf":0,"info":[{"ip":1419749568,"mask":16711679}]},"nozzle_temper":220.21875,"nozzle_target_temper":220,"bed_temper":74.96875,"bed_target_temper":75,"chamber_temper":5,"mc_print_stage":"2","heatbreak_fan_speed":"10","cooling_fan_speed":"0","big_fan1_speed":"0","big_fan2_speed":"0","mc_percent":32,"mc_remaining_time":15,"ams_status":768,"ams_rfid_status":2,"hw_switch_state":1,"spd_mag":100,"spd_lvl":2,"print_error":0,"lifecycle":"product","wifi_signal":"-46dBm","gcode_state":"RUNNING","gcode_file_prepare_percent":"100","queue_number":0,"queue_total":0,"queue_est":0,"queue_sts":0,"project_id":"0","profile_id":"0","task_id":"0","subtask_id":"0","subtask_name":"CLIPPY - filament clip - flat version.3mf","gcode_file":"CLIPPY - filament clip - flat version.3mf","stg":[2,13,24,4,3,14,13],"stg_cur":0,"print_type":"local","home_flag":847070623,"mc_print_line_number":"0","mc_print_sub_stage":0,"sdcard":true,"force_upgrade":false,"mess_production_state":"active","layer_num":1,"total_layer_num":50,"s_obj":[],"filam_bak":[9],"fan_gear":0,"nozzle_diameter":"0.4","nozzle_type":"stainless_steel","cali_version":0,"k":"0.0200","flag3":8,"upgrade_state":{"sequence_id":0,"progress":"","status":"IDLE","consistency_request":false,"dis_state":0,"err_code":0,"force_upgrade":false,"message":"0%, 0B/s","module":"","new_version_state":2,"cur_state_code":1,"idx2":2687159313,"new_ver_list":[]},"hms":[],"online":{"ahb":false,"rfid":false,"version":1417082049},"ams":{"ams":[{"id":"0","humidity":"5","temp":"0.0","tray":[{"id":"0","remain":100,"k":0.019999999552965164,"n":1,"cali_idx":-1,"tag_uid":"0000000000000000","tray_id_name":"","tray_info_idx":"GFL99","tray_type":"PLA","tray_sub_brands":"","tray_color":"000000FF","tray_weight":"0","tray_diameter":"0.00","tray_temp":"0","tray_time":"0","bed_temp_type":"0","bed_temp":"0","nozzle_temp_max":"240","nozzle_temp_min":"190","xcam_info":"000000000000000000000000","tray_uuid":"00000000000000000000000000000000","ctype":0,"cols":["000000FF"]},{"id":"1","remain":100,"k":0.019999999552965164,"n":1,"cali_idx":-1,"tag_uid":"0000000000000000","tray_id_name":"","tray_info_idx":"GFL99","tray_type":"PLA","tray_sub_brands":"","tray_color":"FFFAFAFF","tray_weight":"0","tray_diameter":"0.00","tray_temp":"0","tray_time":"0","bed_temp_type":"0","bed_temp":"0","nozzle_temp_max":"230","nozzle_temp_min":"210","xcam_info":"000000000000000000000000","tray_uuid":"00000000000000000000000000000000","ctype":0,"cols":["FFFAFAFF"]},{"id":"2","remain":100,"k":0.019999999552965164,"n":1,"cali_idx":-1,"tag_uid":"3A0683FE00000100","tray_id_name":"A01-W2","tray_info_idx":"GFA01","tray_type":"PLA","tray_sub_brands":"PLA Matte","tray_color":"FFFFFFFF","tray_weight":"1000","tray_diameter":"1.75","tray_temp":"55","tray_time":"8","bed_temp_type":"0","bed_temp":"0","nozzle_temp_max":"230","nozzle_temp_min":"190","xcam_info":"D007D007E803E8030000803F","tray_uuid":"C4342B28CC2C4A08ADF74DD220C3C967","ctype":0,"cols":["FFFFFFFF"]},{"id":"3","remain":100,"k":0.019999999552965164,"n":1,"cali_idx":-1,"tag_uid":"0000000000000000","tray_id_name":"","tray_info_idx":"GFL99","tray_type":"PLA","tray_sub_brands":"","tray_color":"00BBFFFF","tray_weight":"0","tray_diameter":"0.00","tray_temp":"0","tray_time":"0","bed_temp_type":"0","bed_temp":"0","nozzle_temp_max":"230","nozzle_temp_min":"190","xcam_info":"000000000000000000000000","tray_uuid":"00000000000000000000000000000000","ctype":0,"cols":["00BBFFFF"]}]}],"ams_exist_bits":"1","tray_exist_bits":"f","tray_is_bbl_bits":"f","tray_tar":"0","tray_now":"0","tray_pre":"0","tray_read_done_bits":"f","tray_reading_bits":"0","version":77,"insert_flag":true,"power_on_flag":true},"xcam":{"buildplate_marker_detector":true},"vt_tray":{"id":"254","tag_uid":"0000000000000000","tray_id_name":"","tray_info_idx":"GFU99","tray_type":"TPU","tray_sub_brands":"","tray_color":"000000FF","tray_weight":"0","tray_diameter":"0.00","tray_temp":"0","tray_time":"0","bed_temp_type":"0","bed_temp":"0","nozzle_temp_max":"230","nozzle_temp_min":"190","xcam_info":"000000000000000000000000","tray_uuid":"00000000000000000000000000000000","remain":0,"k":0.019999999552965164,"n":1,"cali_idx":-1},"lights_report":[{"node":"chamber_light","mode":"off"}],"command":"push_status","msg":0,"sequence_id":"31225"}}
{"print":{"wifi_signal":"-48dBm","command":"push_status","msg":1,"sequence_id":"31226"}}
{"print":{"nozzle_temper":220.1875,"mc_percent":33,"wifi_signal":"-47dBm","command":"push_status","msg":1,"sequence_id":"31227"}}
{"print":{"wifi_signal":"-49dBm","command":"push_status","msg":1,"sequence_id":"31228"}}
{"print":{"nozzle_temper":220.15625,"bed_temper":74.9375,"wifi_signal":"-45dBm","command":"push_status","msg":1,"sequence_id":"31229"}}
{"print":{"nozzle_temper":220.125,"mc_percent":34,"mc_remaining_time":14,"wifi_signal":"-48dBm","command":"push_status","msg":1,"sequence_id":"31230"}}
{"print":{"nozzle_temper":220.15625,"command":"push_status","msg":1,"sequence_id":"31231"}}
{"print":{"nozzle_temper":220.1875,"bed_temper":74.96875,"bed_target_temper":65,"cooling_fan_speed":"5","big_fan1_speed":"5","big_fan2_speed":"5","mc_percent":35,"wifi_signal":"-44dBm","layer_num":2,"fan_gear":80,"command":"push_status","msg":1,"sequence_id":"31232"}}
{"print":{"nozzle_temper":220.21875,"cooling_fan_speed":"12","big_fan1_speed":"12","big_fan2_speed":"12","wifi_signal":"-46dBm","fan_gear":198,"command":"push_status","msg":1,"sequence_id":"31233"}}
{"print":{"nozzle_temper":220.09375,"bed_temper":74.9375,"cooling_fan_speed":"11","big_fan1_speed":"11","big_fan2_speed":"11","wifi_signal":"-47dBm","command":"push_status","msg":1,"sequence_id":"31234"}}
{"print":{"nozzle_temper":219.59375,"bed_temper":74.90625,"wifi_signal":"-49dBm","command":"push_status","msg":1,"sequence_id":"31235"}}
{"print":{"nozzle_temper":219.0625,"bed_temper":74.8125,"wifi_signal":"-45dBm","command":"push_status","msg":1,"sequence_id":"31236"}}
{"print":{"nozzle_temper":218.59375,"bed_temper":74.65625,"wifi_signal":"-46dBm","command":"push_status","msg":1,"sequence_id":"31237"}}
{"print":{"wifi_signal":"-47dBm","command":"push_status","msg":1,"sequence_id":"31238"}}
{"print":{"nozzle_temper":218.5625,"bed_temper":74.46875,"mc_percent":36,"command":"push_status","msg":1,"sequence_id":"31239"}}
{"print":{"nozzle_temper":218.71875,"bed_temper":74.28125,"cooling_fan_speed":"9","big_fan1_speed":"9","big_fan2_speed":"9","wifi_signal":"-48dBm","layer_num":3,"fan_gear":158,"command":"push_status","msg":1,"sequence_id":"31240"}}
{"print":{"nozzle_temper":219.125,"bed_temper":74.09375,"cooling_fan_speed":"6","big_fan1_speed":"6","big_fan2_speed":"6","ams_status":258,"wifi_signal":"-44dBm","mc_print_sub_stage":4,"fan_gear":71,"ams":{"tray_tar":"1"},"command":"push_status","msg":1,"sequence_id":"31241"}}
{"print":{"nozzle_temper":219.6875,"bed_temper":73.90625,"cooling_fan_speed":"1","big_fan1_speed":"1","big_fan2_speed":"1","ams_status":259,"wifi_signal":"-47dBm","fan_gear":0,"command":"push_status","msg":1,"sequence_id":"31242"}}
{"print":{"nozzle_temper":220.125,"bed_temper":73.71875,"cooling_fan_speed":"0","big_fan1_speed":"0","big_fan2_speed":"0","wifi_signal":"-46dBm","command":"push_status","msg":1,"sequence_id":"31243"}}
{"print":{"nozzle_temper":220.4375,"bed_temper":73.5,"wifi_signal":"-47dBm","command":"push_status","msg":1,"sequence_id":"31244"}}
{"print":{"nozzle_temper":220.6875,"bed_temper":73.1875,"ams_status":260,"wifi_signal":"-45dBm","command":"push_status","msg":1,"sequence_id":"31245"}}
{"print":{"bed_temper":73,"wifi_signal":"-47dBm","command":"push_status","msg":1,"sequence_id":"31246"}}
{"print":{"nozzle_temper":220.625,"bed_temper":72.78125,"hw_switch_state":0,"command":"push_status","msg":1,"sequence_id":"31247"}}
{"print":{"nozzle_temper":220.5625,"bed_temper":72.59375,"ams_status":261,"ams":{"tray_now":"255","version":78},"command":"push_status","msg":1,"sequence_id":"31248"}}
{"print":{"nozzle_temper":220.5,"bed_temper":72.4375,"command":"push_status","msg":1,"sequence_id":"31249"}}
{"print":{"nozzle_temper":220.46875,"bed_temper":72.21875,"ams_status":262,"hw_switch_state":1,"command":"push_status","msg":1,"sequence_id":"31250"}}
{"print":{"bed_temper":72.03125,"command":"push_status","msg":1,"sequence_id":"31251"}}
{"print":{"bed_temper":71.84375,"command":"push_status","msg":1,"sequence_id":"31252"}}
{"print":{"bed_temper":71.65625,"wifi_signal":"-45dBm","command":"push_status","msg":1,"sequence_id":"31253"}}
{"print":{"nozzle_temper":220.4375,"bed_temper":71.46875,"wifi_signal":"-47dBm","command":"push_status","msg":1,"sequence_id":"31254"}}
{"print":{"nozzle_temper":220.15625,"bed_temper":71.1875,"ams_status":263,"wifi_signal":"-46dBm","ams":{"tray_now":"1","version":79},"command":"push_status","msg":1,"sequence_id":"31255"}}
{"print":{"nozzle_temper":219.9375,"nozzle_target_temper":240,"bed_temper":71,"ams_status":258,"wifi_signal":"-49dBm","command":"push_status","msg":1,"sequence_id":"31256"}}
{"print":{"nozzle_temper":221.375,"bed_temper":70.84375,"wifi_signal":"-47dBm","command":"push_status","msg":1,"sequence_id":"31257"}}
{"print":{"nozzle_temper":225.09375,"bed_temper":70.65625,"command":"push_status","msg":1,"sequence_id":"31258"}}
{"print":{"nozzle_temper":229.84375,"bed_temper":70.46875,"heatbreak_fan_speed":"11","cooling_fan_speed":"5","big_fan1_speed":"5","big_fan2_speed":"5","ams_status":263,"wifi_signal":"-49dBm","fan_gear":90,"command":"push_status","msg":1,"sequence_id":"31259"}}
{"print":{"nozzle_temper":234.15625,"bed_temper":70.28125,"cooling_fan_speed":"2","big_fan1_speed":"2","big_fan2_speed":"2","fan_gear":59,"command":"push_status","msg":1,"sequence_id":"31260"}}
{"print":{"nozzle_temper":236.84375,"bed_temper":70.125,"cooling_fan_speed":"3","big_fan1_speed":"3","big_fan2_speed":"3","command":"push_status","msg":1,"sequence_id":"31261"}}
{"print":{"nozzle_temper":237.875,"bed_temper":69.9375,"wifi_signal":"-47dBm","command":"push_status","msg":1,"sequence_id":"31262"}}
{"print":{"nozzle_temper":237.90625,"bed_temper":69.75,"wifi_signal":"-50dBm","command":"push_status","msg":1,"sequence_id":"31263"}}
{"print":{"nozzle_temper":237.78125,"bed_temper":69.59375,"command":"push_status","msg":1,"sequence_id":"31264"}}
{"print":{"nozzle_temper":237.90625,"bed_temper":69.40625,"wifi_signal":"-49dBm","command":"push_status","msg":1,"sequence_id":"31265"}}
{"print":{"nozzle_temper":238.5,"bed_temper":69.15625,"wifi_signal":"-47dBm","command":"push_status","msg":1,"sequence_id":"31266"}}
{"print":{"nozzle_temper":238.84375,"bed_temper":69,"command":"push_status","msg":1,"sequence_id":"31267"}}
{"print":{"nozzle_temper":239.125,"bed_temper":68.8125,"cooling_fan_speed":"6","big_fan1_speed":"6","big_fan2_speed":"6","fan_gear":79,"command":"push_status","msg":1,"sequence_id":"31268"}}
{"print":{"nozzle_temper":239.3125,"bed_temper":68.65625,"cooling_fan_speed":"10","big_fan1_speed":"10","big_fan2_speed":"10","fan_gear":178,"command":"push_status","msg":1,"sequence_id":"31269"}}
{"print":{"nozzle_temper":239.5625,"bed_temper":68.5,"cooling_fan_speed":"3","big_fan1_speed":"3","big_fan2_speed":"3","fan_gear":59,"command":"push_status","msg":1,"sequence_id":"31270"}}
{"print":{"nozzle_temper":239.875,"bed_temper":68.3125,"command":"push_status","msg":1,"sequence_id":"31271"}}
{"print":{"nozzle_temper":240.03125,"bed_temper":68.15625,"command":"push_status","msg":1,"sequence_id":"31272"}}
{"print":{"nozzle_temper":240,"bed_temper":68,"wifi_signal":"-49dBm","command":"push_status","msg":1,"sequence_id":"31273"}}
{"print":{"nozzle_temper":239.875,"bed_temper":67.8125,"command":"push_status","msg":1,"sequence_id":"31274"}}
{"print":{"nozzle_temper":239.65625,"bed_temper":67.5625,"command":"push_status","msg":1,"sequence_id":"31275"}}
{"print":{"nozzle_temper":239.5625,"bed_temper":67.40625,"wifi_signal":"-47dBm","command":"push_status","msg":1,"sequence_id":"31276"}}
{"print":{"bed_temper":67.25,"wifi_signal":"-49dBm","command":"push_status","msg":1,"sequence_id":"31277"}}
{"print":{"nozzle_temper":239.59375,"bed_temper":67.125,"wifi_signal":"-47dBm","command":"push_status","msg":1,"sequence_id":"31278"}}
{"print":{"nozzle_temper":239.65625,"bed_temper":66.96875,"wifi_signal":"-49dBm","command":"push_status","msg":1,"sequence_id":"31279"}}
{"print":{"nozzle_temper":239.71875,"nozzle_target_temper":220,"bed_temper":66.78125,"mc_print_sub_stage":2,"command":"push_status","msg":1,"sequence_id":"31280"}}
{"print":{"nozzle_temper":239.75,"bed_temper":66.625,"fan_gear":60,"command":"push_status","msg":1,"sequence_id":"31281"}}
{"print":{"nozzle_temper":238.875,"bed_temper":66.46875,"command":"push_status","msg":1,"sequence_id":"31282"}}
{"print":{"nozzle_temper":236.90625,"bed_temper":66.3125,"command":"push_status","msg":1,"sequence_id":"31283"}}
{"print":{"nozzle_temper":234.40625,"bed_temper":66.15625,"command":"push_status","msg":1,"sequence_id":"31284"}}
{"print":{"nozzle_temper":230.25,"bed_temper":65.90625,"command":"push_status","msg":1,"sequence_id":"31285"}}
{"print":{"nozzle_temper":227.46875,"bed_temper":65.75,"command":"push_status","msg":1,"sequence_id":"31286"}}
{"print":{"nozzle_temper":224.71875,"bed_temper":65.625,"heatbreak_fan_speed":"10","mc_print_sub_stage":0,"command":"push_status","msg":1,"sequence_id":"31287"}}
{"print":{"nozzle_temper":223.4375,"bed_temper":65.53125,"fan_gear":97,"command":"push_status","msg":1,"sequence_id":"31288"}}
{"print":{"nozzle_temper":221.34375,"bed_temper":65.375,"cooling_fan_speed":"10","big_fan1_speed":"10","big_fan2_speed":"10","wifi_signal":"-47dBm","fan_gear":178,"command":"push_status","msg":1,"sequence_id":"31289"}}
{"print":{"nozzle_temper":220,"bed_temper":65.25,"cooling_fan_speed":"8","big_fan1_speed":"8","big_fan2_speed":"8","mc_percent":44,"mc_remaining_time":12,"wifi_signal":"-49dBm","fan_gear":95,"ams":{"tray_pre":"1"},"command":"push_status","msg":1,"sequence_id":"31290"}}
{"print":{"nozzle_temper":219.375,"bed_temper":65.09375,"ams_status":768,"wifi_signal":"-44dBm","fan_gear":158,"command":"push_status","msg":1,"sequence_id":"31291"}}
{"print":{"nozzle_temper":219.1875,"bed_temper":64.96875,"cooling_fan_speed":"9","big_fan1_speed":"9","big_fan2_speed":"9","wifi_signal":"-48dBm","command":"push_status","msg":1,"sequence_id":"31292"}}
{"print":{"nozzle_temper":219.03125,"bed_temper":64.8125,"mc_percent":45,"wifi_signal":"-44dBm","command":"push_status","msg":1,"sequence_id":"31293"}}
{"print":{"nozzle_temper":218.90625,"bed_temper":64.65625,"command":"push_status","msg":1,"sequence_id":"31294"}}
{"print":{"nozzle_temper":218.875,"bed_temper":64.5,"wifi_signal":"-47dBm","command":"push_status","msg":1,"sequence_id":"31295"}}
{"print":{"nozzle_temper":218.90625,"bed_temper":64.34375,"wifi_signal":"-46dBm","command":"push_status","msg":1,"sequence_id":"31296"}}
{"print":{"nozzle_temper":218.8125,"bed_temper":64.15625,"wifi_signal":"-47dBm","command":"push_status","msg":1,"sequence_id":"31297"}}
{"print":{"nozzle_temper":218.65625,"bed_temper":64.03125,"mc_percent":46,"wifi_signal":"-44dBm","command":"push_status","msg":1,"sequence_id":"31298"}}
{"print":{"nozzle_temper":218.46875,"bed_temper":63.96875,"command":"push_status","msg":1,"sequence_id":"31299"}}
{"print":{"nozzle_temper":218.40625,"bed_temper":63.90625,"wifi_signal":"-46dBm","command":"push_status","msg":1,"sequence_id":"31300"}}
{"print":{"nozzle_temper":218.34375,"bed_temper":63.84375,"mc_remaining_time":11,"wifi_signal":"-47dBm","command":"push_status","msg":1,"sequence_id":"31301"}}
{"print":{"nozzle_temper":218.5,"bed_temper":63.8125,"cooling_fan_speed":"11","big_fan1_speed":"11","big_fan2_speed":"11","mc_percent":47,"wifi_signal":"-44dBm","layer_num":4,"fan_gear":201,"command":"push_status","msg":1,"sequence_id":"31302"}}
{"print":{"nozzle_temper":218.78125,"bed_temper":63.78125,"wifi_signal":"-49dBm","command":"push_status","msg":1,"sequence_id":"31303"}}
{"print":{"nozzle_temper":219.03125,"bed_temper":63.71875,"wifi_signal":"-47dBm","command":"push_status","msg":1,"sequence_id":"31304"}}
{"print":{"nozzle_temper":219.125,"command":"push_status","msg":1,"sequence_id":"31305"}}
{"print":{"nozzle_temper":219.0625,"bed_temper":63.6875,"command":"push_status","msg":1,"sequence_id":"31306"}}
{"print":{"nozzle_temper":218.9375,"mc_percent":48,"wifi_signal":"-46dBm","command":"push_status","msg":1,"sequence_id":"31307"}}
{"print":{"cooling_fan_speed":"6","big_fan1_speed":"6","big_fan2_speed":"6","ams_status":258,"wifi_signal":"-47dBm","mc_print_sub_stage":4,"layer_num":5,"fan_gear":98,"ams":{"tray_tar":"3"},"command":"push_status","msg":1,"sequence_id":"31308"}}
{"print":{"nozzle_temper":219.34375,"cooling_fan_speed":"0","big_fan1_speed":"0","big_fan2_speed":"0","ams_status":259,"fan_gear":0,"command":"push_status","msg":1,"sequence_id":"31309"}}
{"print":{"nozzle_temper":219.90625,"wifi_signal":"-44dBm","command":"push_status","msg":1,"sequence_id":"31310"}}
{"print":{"nozzle_temper":220.40625,"wifi_signal":"-47dBm","command":"push_status","msg":1,"sequence_id":"31311"}}
{"print":{"nozzle_temper":220.75,"bed_temper":63.71875,"wifi_signal":"-45dBm","command":"push_status","msg":1,"sequence_id":"31312"}}
{"print":{"nozzle_temper":220.875,"bed_temper":63.75,"ams_status":260,"wifi_signal":"-46dBm","command":"push_status","msg":1,"sequence_id":"31313"}}
{"print":{"nozzle_temper":220.78125,"bed_temper":63.78125,"hw_switch_state":0,"wifi_signal":"-45dBm","command":"push_status","msg":1,"sequence_id":"31314"}}
{"print":{"nozzle_temper":220.6875,"bed_temper":63.8125,"ams_status":261,"wifi_signal":"-47dBm","ams":{"tray_now":"255","version":80},"command":"push_status","msg":1,"sequence_id":"31315"}}
{"print":{"nozzle_temper":220.65625,"bed_temper":63.84375,"hw_switch_state":1,"command":"push_status","msg":1,"sequence_id":"31316"}}
{"print":{"ams_status":262,"wifi_signal":"-45dBm","command":"push_status","msg":1,"sequence_id":"31317"}}
{"print":{"bed_temper":63.875,"wifi_signal":"-47dBm","command":"push_status","msg":1,"sequence_id":"31318"}}
{"print":{"nozzle_temper":220.625,"bed_temper":63.90625,"wifi_signal":"-45dBm","command":"push_status","msg":1,"sequence_id":"31319"}}
{"print":{"bed_temper":63.9375,"wifi_signal":"-47dBm","command":"push_status","msg":1,"sequence_id":"31320"}}
{"print":{"nozzle_temper":220.53125,"command":"push_status","msg":1,"sequence_id":"31321"}}
{"print":{"nozzle_temper":220.125,"nozzle_target_temper":240,"bed_temper":63.96875,"ams_status":258,"wifi_signal":"-49dBm","ams":{"tray_now":"3","version":81},"command":"push_status","msg":1,"sequence_id":"31322"}}
{"print":{"nozzle_temper":220.3125,"bed_temper":64,"command":"push_status","msg":1,"sequence_id":"31323"}}
{"print":{"nozzle_temper":222.65625,"command":"push_status","msg":1,"sequence_id":"31324"}}
{"print":{"nozzle_temper":226.84375,"command":"push_status","msg":1,"sequence_id":"31325"}}
{"print":{"nozzle_temper":231.5625,"heatbreak_fan_speed":"11","cooling_fan_speed":"3","big_fan1_speed":"3","big_fan2_speed":"3","ams_status":263,"wifi_signal":"-47dBm","fan_gear":59,"command":"push_status","msg":1,"sequence_id":"31326"}}
{"print":{"nozzle_temper":235.3125,"wifi_signal":"-49dBm","command":"push_status","msg":1,"sequence_id":"31327"}}
{"print":{"nozzle_temper":237.34375,"wifi_signal":"-47dBm","command":"push_status","msg":1,"sequence_id":"31328"}}
{"print":{"nozzle_temper":237.90625,"bed_temper":64.03125,"command":"push_status","msg":1,"sequence_id":"31329"}}
{"print":{"nozzle_temper":237.78125,"bed_temper":64.0625,"command":"push_status","msg":1,"sequence_id":"31330"}}
{"print":{"nozzle_temper":237.8125,"bed_temper":64.09375,"wifi_signal":"-48dBm","command":"push_status","msg":1,"sequence_id":"31331"}}
{"print":{"nozzle_temper":238.21875,"wifi_signal":"-49dBm","command":"push_status","msg":1,"sequence_id":"31332"}}
{"print":{"nozzle_temper":238.65625,"wifi_signal":"-47dBm","command":"push_status","msg":1,"sequence_id":"31333"}}
{"print":{"nozzle_temper":239,"bed_temper":64.125,"wifi_signal":"-49dBm","command":"push_status","msg":1,"sequence_id":"31334"}}
{"print":{"nozzle_temper":239.1875,"wifi_signal":"-47dBm","command":"push_status","msg":1,"sequence_id":"31335"}}
{"print":{"nozzle_temper":239.34375,"wifi_signal":"-49dBm","command":"push_status","msg":1,"sequence_id":"31336"}}
{"print":{"nozzle_temper":239.4375,"nozzle_target_temper":220,"mc_print_sub_stage":2,"fan_gear":60,"command":"push_status","msg":1,"sequence_id":"31337"}}
{"print":{"nozzle_temper":238.75,"bed_temper":64.15625,"wifi_signal":"-47dBm","command":"push_status","msg":1,"sequence_id":"31338"}}
{"print":{"nozzle_temper":237.96875,"command":"push_status","msg":1,"sequence_id":"31339"}}
{"print":{"nozzle_temper":234.4375,"bed_temper":64.1875,"wifi_signal":"-49dBm","command":"push_status","msg":1,"sequence_id":"31340"}}
{"print":{"nozzle_temper":231.625,"wifi_signal":"-47dBm","command":"push_status","msg":1,"sequence_id":"31341"}}
{"print":{"nozzle_temper":228.78125,"wifi_signal":"-50dBm","command":"push_status","msg":1,"sequence_id":"31342"}}
{"print":{"nozzle_temper":226.03125,"bed_temper":64.21875,"wifi_signal":"-49dBm","command":"push_status","msg":1,"sequence_id":"31343"}}
{"print":{"nozzle_temper":223.3125,"heatbreak_fan_speed":"10","cooling_fan_speed":"4","big_fan1_speed":"4","big_fan2_speed":"4","mc_print_sub_stage":0,"fan_gear":114,"command":"push_status","msg":1,"sequence_id":"31344"}}
{"print":{"nozzle_temper":221.21875,"cooling_fan_speed":"10","big_fan1_speed":"10","big_fan2_speed":"10","fan_gear":178,"command":"push_status","msg":1,"sequence_id":"31345"}}
{"print":{"nozzle_temper":219.96875,"cooling_fan_speed":"7","big_fan1_speed":"7","big_fan2_speed":"7","mc_percent":52,"mc_remaining_time":10,"wifi_signal":"-44dBm","fan_gear":80,"ams":{"tray_pre":"3"},"command":"push_status","msg":1,"sequence_id":"31346"}}
{"print":{"nozzle_temper":219.40625,"bed_temper":64.25,"cooling_fan_speed":"9","big_fan1_speed":"9","big_fan2_speed":"9","mc_percent":54,"ams_status":768,"wifi_signal":"-48dBm","fan_gear":173,"command":"push_status","msg":1,"sequence_id":"31347"}}
{"print":{"nozzle_temper":219.1875,"cooling_fan_speed":"10","big_fan1_speed":"10","big_fan2_speed":"10","wifi_signal":"-44dBm","command":"push_status","msg":1,"sequence_id":"31348"}}
{"print":{"nozzle_temper":218.84375,"command":"push_status","msg":1,"sequence_id":"31349"}}
{"print":{"nozzle_temper":218.71875,"bed_temper":64.28125,"wifi_signal":"-47dBm","command":"push_status","msg":1,"sequence_id":"31350"}}
{"print":{"nozzle_temper":218.65625,"mc_percent":55,"wifi_signal":"-48dBm","command":"push_status","msg":1,"sequence_id":"31351"}}
{"print":{"nozzle_temper":218.625,"wifi_signal":"-49dBm","command":"push_status","msg":1,"sequence_id":"31352"}}
{"print":{"nozzle_temper":218.59375,"wifi_signal":"-44dBm","command":"push_status","msg":1,"sequence_id":"31353"}}
{"print":{"nozzle_temper":218.4375,"mc_percent":56,"mc_remaining_time":9,"wifi_signal":"-47dBm","command":"push_status","msg":1,"sequence_id":"31354"}}
{"print":{"nozzle_temper":218.40625,"command":"push_status","msg":1,"sequence_id":"31355"}}
{"print":{"nozzle_temper":218.46875,"cooling_fan_speed":"11","big_fan1_speed":"11","big_fan2_speed":"11","wifi_signal":"-45dBm","layer_num":6,"fan_gear":201,"command":"push_status","msg":1,"sequence_id":"31356"}}
{"print":{"nozzle_temper":218.65625,"wifi_signal":"-47dBm","command":"push_status","msg":1,"sequence_id":"31357"}}
{"print":{"nozzle_temper":218.875,"bed_temper":64.25,"wifi_signal":"-45dBm","command":"push_status","msg":1,"sequence_id":"31358"}}
{"print":{"nozzle_temper":218.96875,"mc_percent":57,"wifi_signal":"-47dBm","command":"push_status","msg":1,"sequence_id":"31359"}}
{"print":{"wifi_signal":"-46dBm","mc_print_sub_stage":4,"layer_num":7,"fan_gear":179,"command":"push_status","msg":1,"sequence_id":"31360"}}
{"print":{"nozzle_temper":219.03125,"bed_temper":64.21875,"cooling_fan_speed":"2","big_fan1_speed":"2","big_fan2_speed":"2","ams_status":259,"fan_gear":36,"ams":{"tray_tar":"2"},"command":"push_status","msg":1,"sequence_id":"31361"}}
{"print":{"nozzle_temper":219.46875,"cooling_fan_speed":"0","big_fan1_speed":"0","big_fan2_speed":"0","fan_gear":0,"command":"push_status","msg":1,"sequence_id":"31362"}}
{"print":{"nozzle_temper":219.96875,"bed_temper":64.1875,"wifi_signal":"-47dBm","command":"push_status","msg":1,"sequence_id":"31363"}}
{"print":{"nozzle_temper":220.34375,"command":"push_status","msg":1,"sequence_id":"31364"}}
{"print":{"nozzle_temper":220.625,"ams_status":260,"command":"push_status","msg":1,"sequence_id":"31365"}}
{"print":{"hw_switch_state":0,"wifi_signal":"-46dBm","command":"push_status","msg":1,"sequence_id":"31366"}}
{"print":{"nozzle_temper":220.59375,"ams_status":261,"wifi_signal":"-47dBm","ams":{"tray_now":"255","version":82},"command":"push_status","msg":1,"sequence_id":"31367"}}
{"print":{"nozzle_temper":220.5625,"bed_temper":64.21875,"wifi_signal":"-45dBm","command":"push_status","msg":1,"sequence_id":"31368"}}
{"print":{"nozzle_temper":220.53125,"ams_status":262,"hw_switch_state":1,"wifi_signal":"-47dBm","command":"push_status","msg":1,"sequence_id":"31369"}}
{"print":{"nozzle_temper":220.5625,"bed_temper":64.25,"wifi_signal":"-46dBm","command":"push_status","msg":1,"sequence_id":"31370"}}
{"print":{"wifi_signal":"-45dBm","command":"push_status","msg":1,"sequence_id":"31371"}}
{"print":{"nozzle_temper":220.53125,"bed_temper":64.28125,"command":"push_status","msg":1,"sequence_id":"31372"}}
{"print":{"nozzle_temper":220.4375,"bed_temper":64.3125,"wifi_signal":"-48dBm","command":"push_status","msg":1,"sequence_id":"31373"}}
{"print":{"nozzle_temper":220.25,"ams_status":263,"wifi_signal":"-42dBm","ams":{"tray_now":"2","version":83},"command":"push_status","msg":1,"sequence_id":"31374"}}
{"print":{"nozzle_temper":220,"nozzle_target_temper":240,"bed_temper":64.34375,"ams_status":258,"wifi_signal":"-49dBm","command":"push_status","msg":1,"sequence_id":"31375"}}
{"print":{"nozzle_temper":221.28125,"bed_temper":64.40625,"wifi_signal":"-48dBm","command":"push_status","msg":1,"sequence_id":"31376"}}
{"print":{"nozzle_temper":224.78125,"wifi_signal":"-47dBm","command":"push_status","msg":1,"sequence_id":"31377"}}
{"print":{"nozzle_temper":229.46875,"heatbreak_fan_speed":"11","cooling_fan_speed":"5","big_fan1_speed":"5","big_fan2_speed":"5","ams_status":263,"wifi_signal":"-49dBm","fan_gear":59,"command":"push_status","msg":1,"sequence_id":"31378"}}
{"print":{"nozzle_temper":233.84375,"cooling_fan_speed":"2","big_fan1_speed":"2","big_fan2_speed":"2","wifi_signal":"-47dBm","command":"push_status","msg":1,"sequence_id":"31379"}}
{"print":{"nozzle_temper":236.65625,"cooling_fan_speed":"3","big_fan1_speed":"3","big_fan2_speed":"3","wifi_signal":"-49dBm","command":"push_status","msg":1,"sequence_id":"31380"}}
{"print":{"nozzle_temper":237.84375,"command":"push_status","msg":1,"sequence_id":"31381"}}
{"print":{"nozzle_temper":237.6875,"wifi_signal":"-47dBm","command":"push_status","msg":1,"sequence_id":"31382"}}
{"print":{"nozzle_temper":237.53125,"wifi_signal":"-49dBm","command":"push_status","msg":1,"sequence_id":"31383"}}
{"print":{"nozzle_temper":237.6875,"bed_temper":64.4375,"wifi_signal":"-47dBm","command":"push_status","msg":1,"sequence_id":"31384"}}
{"print":{"nozzle_temper":238.0625,"command":"push_status","msg":1,"sequence_id":"31385"}}
{"print":{"nozzle_temper":238.4375,"bed_temper":64.46875,"wifi_signal":"-48dBm","command":"push_status","msg":1,"sequence_id":"31386"}}
{"print":{"nozzle_temper":238.71875,"bed_temper":64.5,"wifi_signal":"-49dBm","fan_gear":60,"command":"push_status","msg":1,"sequence_id":"31387"}}
{"print":{"nozzle_temper":238.9375,"cooling_fan_speed":"10","big_fan1_speed":"10","big_fan2_speed":"10","fan_gear":177,"command":"push_status","msg":1,"sequence_id":"31388"}}
{"print":{"nozzle_temper":239.09375,"fan_gear":102,"command":"push_status","msg":1,"sequence_id":"31389"}}
{"print":{"nozzle_temper":239.5,"cooling_fan_speed":"3","big_fan1_speed":"3","big_fan2_speed":"3","wifi_signal":"-48dBm","fan_gear":59,"command":"push_status","msg":1,"sequence_id":"31390"}}
{"print":{"nozzle_temper":239.96875,"wifi_signal":"-47dBm","command":"push_status","msg":1,"sequence_id":"31391"}}
{"print":{"nozzle_temper":239.9375,"wifi_signal":"-49dBm","command":"push_status","msg":1,"sequence_id":"31392"}}
{"print":{"nozzle_temper":239.6875,"wifi_signal":"-47dBm","command":"push_status","msg":1,"sequence_id":"31393"}}
{"print":{"nozzle_temper":239.46875,"wifi_signal":"-48dBm","command":"push_status","msg":1,"sequence_id":"31394"}}
{"print":{"nozzle_temper":239.34375,"wifi_signal":"-49dBm","command":"push_status","msg":1,"sequence_id":"31395"}}
{"print":{"nozzle_temper":239.40625,"bed_temper":64.53125,"command":"push_status","msg":1,"sequence_id":"31396"}}
{"print":{"nozzle_temper":239.5,"wifi_signal":"-47dBm","command":"push_status","msg":1,"sequence_id":"31397"}}
{"print":{"nozzle_temper":239.59375,"bed_temper":64.5625,"cooling_fan_speed":"9","big_fan1_speed":"9","big_fan2_speed":"9","fan_gear":139,"command":"push_status","msg":1,"sequence_id":"31398"}}
{"print":{"nozzle_temper":239.78125,"fan_gear":171,"command":"push_status","msg":1,"sequence_id":"31399"}}
{"print":{"nozzle_temper":240.25,"cooling_fan_speed":"3","big_fan1_speed":"3","big_fan2_speed":"3","wifi_signal":"-49dBm","fan_gear":59,"command":"push_status","msg":1,"sequence_id":"31400"}}
{"print":{"nozzle_temper":240.6875,"command":"push_status","msg":1,"sequence_id":"31401"}}
{"print":{"nozzle_temper":240.53125,"wifi_signal":"-47dBm","command":"push_status","msg":1,"sequence_id":"31402"}}
{"print":{"nozzle_temper":240.1875,"wifi_signal":"-49dBm","command":"push_status","msg":1,"sequence_id":"31403"}}
{"print":{"nozzle_temper":239.84375,"command":"push_status","msg":1,"sequence_id":"31404"}}
{"print":{"nozzle_temper":239.65625,"wifi_signal":"-47dBm","command":"push_status","msg":1,"sequence_id":"31405"}}
{"print":{"nozzle_temper":239.53125,"command":"push_status","msg":1,"sequence_id":"31406"}}
{"print":{"nozzle_temper":239.5625,"bed_temper":64.59375,"command":"push_status","msg":1,"sequence_id":"31407"}}
{"print":{"nozzle_temper":239.6875,"bed_temper":64.625,"wifi_signal":"-48dBm","command":"push_status","msg":1,"sequence_id":"31408"}}
{"print":{"nozzle_temper":239.71875,"nozzle_target_temper":220,"wifi_signal":"-49dBm","mc_print_sub_stage":2,"fan_gear":60,"command":"push_status","msg":1,"sequence_id":"31409"}}
{"print":{"nozzle_temper":239.6875,"bed_temper":64.59375,"wifi_signal":"-47dBm","command":"push_status","msg":1,"sequence_id":"31410"}}
{"print":{"nozzle_temper":238.59375,"wifi_signal":"-48dBm","command":"push_status","msg":1,"sequence_id":"31411"}}
{"print":{"nozzle_temper":236.59375,"wifi_signal":"-47dBm","command":"push_status","msg":1,"sequence_id":"31412"}}
{"print":{"nozzle_temper":234.09375,"wifi_signal":"-49dBm","command":"push_status","msg":1,"sequence_id":"31413"}}
{"print":{"nozzle_temper":231.375,"wifi_signal":"-47dBm","command":"push_status","msg":1,"sequence_id":"31414"}}
{"print":{"nozzle_temper":228.59375,"command":"push_status","msg":1,"sequence_id":"31415"}}
{"print":{"nozzle_temper":225.96875,"bed_temper":64.625,"command":"push_status","msg":1,"sequence_id":"31416"}}
{"print":{"nozzle_temper":222.21875,"heatbreak_fan_speed":"10","cooling_fan_speed":"10","big_fan1_speed":"10","big_fan2_speed":"10","wifi_signal":"-49dBm","mc_print_sub_stage":0,"fan_gear":148,"command":"push_status","msg":1,"sequence_id":"31417"}}
{"print":{"nozzle_temper":220.5625,"bed_temper":64.65625,"mc_percent":64,"mc_remaining_time":7,"wifi_signal":"-48dBm","fan_gear":178,"command":"push_status","msg":1,"sequence_id":"31418"}}
{"print":{"nozzle_temper":219.625,"cooling_fan_speed":"5","big_fan1_speed":"5","big_fan2_speed":"5","mc_percent":66,"ams_status":768,"wifi_signal":"-47dBm","fan_gear":64,"ams":{"tray_pre":"2"},"command":"push_status","msg":1,"sequence_id":"31419"}}
{"print":{"nozzle_temper":219.28125,"bed_temper":64.6875,"cooling_fan_speed":"9","big_fan1_speed":"9","big_fan2_speed":"9","wifi_signal":"-45dBm","fan_gear":153,"command":"push_status","msg":1,"sequence_id":"31420"}}
{"print":{"nozzle_temper":219.09375,"wifi_signal":"-47dBm","command":"push_status","msg":1,"sequence_id":"31421"}}
{"print":{"nozzle_temper":218.9375,"cooling_fan_speed":"8","big_fan1_speed":"8","big_fan2_speed":"8","mc_percent":67,"wifi_signal":"-46dBm","command":"push_status","msg":1,"sequence_id":"31422"}}
{"print":{"nozzle_temper":218.90625,"cooling_fan_speed":"9","big_fan1_speed":"9","big_fan2_speed":"9","command":"push_status","msg":1,"sequence_id":"31423"}}
{"print":{"nozzle_temper":218.9375,"cooling_fan_speed":"8","big_fan1_speed":"8","big_fan2_speed":"8","wifi_signal":"-47dBm","command":"push_status","msg":1,"sequence_id":"31424"}}
{"print":{"cooling_fan_speed":"9","big_fan1_speed":"9","big_fan2_speed":"9","wifi_signal":"-49dBm","command":"push_status","msg":1,"sequence_id":"31425"}}
{"print":{"nozzle_temper":218.84375,"bed_temper":64.65625,"cooling_fan_speed":"8","big_fan1_speed":"8","big_fan2_speed":"8","mc_percent":69,"wifi_signal":"-48dBm","command":"push_status","msg":1,"sequence_id":"31426"}}
{"print":{"nozzle_temper":218.71875,"bed_temper":64.625,"cooling_fan_speed":"10","big_fan1_speed":"10","big_fan2_speed":"10","mc_remaining_time":6,"wifi_signal":"-44dBm","layer_num":8,"command":"push_status","msg":1,"sequence_id":"31427"}}
{"print":{"nozzle_temper":218.6875,"cooling_fan_speed":"11","big_fan1_speed":"11","big_fan2_speed":"11","wifi_signal":"-45dBm","fan_gear":201,"command":"push_status","msg":1,"sequence_id":"31428"}}
{"print":{"nozzle_temper":218.71875,"bed_temper":64.59375,"wifi_signal":"-47dBm","command":"push_status","msg":1,"sequence_id":"31429"}}
{"print":{"nozzle_temper":218.78125,"command":"push_status","msg":1,"sequence_id":"31430"}}
{"print":{"nozzle_temper":218.8125,"wifi_signal":"-48dBm","command":"push_status","msg":1,"sequence_id":"31431"}}
{"print":{"nozzle_temper":218.90625,"cooling_fan_speed":"5","big_fan1_speed":"5","big_fan2_speed":"5","mc_percent":70,"ams_status":258,"wifi_signal":"-45dBm","mc_print_sub_stage":4,"layer_num":9,"fan_gear":102,"ams":{"tray_tar":"3"},"command":"push_status","msg":1,"sequence_id":"31432"}}
{"print":{"nozzle_temper":219.15625,"bed_temper":64.5625,"cooling_fan_speed":"0","big_fan1_speed":"0","big_fan2_speed":"0","ams_status":259,"wifi_signal":"-46dBm","fan_gear":0,"command":"push_status","msg":1,"sequence_id":"31433"}}
{"print":{"nozzle_temper":219.84375,"command":"push_status","msg":1,"sequence_id":"31434"}}
{"print":{"nozzle_temper":220.1875,"command":"push_status","msg":1,"sequence_id":"31435"}}
{"print":{"nozzle_temper":220.40625,"ams_status":260,"wifi_signal":"-47dBm","command":"push_status","msg":1,"sequence_id":"31436"}}
{"print":{"nozzle_temper":220.5,"bed_temper":64.59375,"command":"push_status","msg":1,"sequence_id":"31437"}}
{"print":{"hw_switch_state":0,"command":"push_status","msg":1,"sequence_id":"31438"}}
{"print":{"nozzle_temper":220.46875,"ams_status":261,"wifi_signal":"-46dBm","ams":{"tray_now":"255","version":84},"command":"push_status","msg":1,"sequence_id":"31439"}}
{"print":{"nozzle_temper":220.4375,"bed_temper":64.625,"hw_switch_state":1,"wifi_signal":"-47dBm","command":"push_status","msg":1,"sequence_id":"31440"}}
{"print":{"nozzle_temper":220.40625,"ams_status":262,"wifi_signal":"-45dBm","command":"push_status","msg":1,"sequence_id":"31441"}}
{"print":{"wifi_signal":"-47dBm","command":"push_status","msg":1,"sequence_id":"31442"}}
{"print":{"nozzle_temper":220.375,"command":"push_status","msg":1,"sequence_id":"31443"}}
{"print":{"nozzle_temper":220.34375,"wifi_signal":"-45dBm","command":"push_status","msg":1,"sequence_id":"31444"}}
{"print":{"nozzle_temper":220.3125,"wifi_signal":"-47dBm","command":"push_status","msg":1,"sequence_id":"31445"}}
{"print":{"nozzle_temper":220.25,"wifi_signal":"-48dBm","ams":{"tray_now":"3","version":85},"command":"push_status","msg":1,"sequence_id":"31446"}}
{"print":{"nozzle_temper":220.125,"nozzle_target_temper":240,"bed_temper":64.65625,"ams_status":258,"command":"push_status","msg":1,"sequence_id":"31447"}}
{"print":{"nozzle_temper":220.4375,"bed_temper":64.6875,"wifi_signal":"-49dBm","command":"push_status","msg":1,"sequence_id":"31448"}}
{"print":{"nozzle_temper":222.9375,"bed_temper":64.71875,"command":"push_status","msg":1,"sequence_id":"31449"}}
{"print":{"nozzle_temper":227.1875,"command":"push_status","msg":1,"sequence_id":"31450"}}
{"print":{"nozzle_temper":231.9375,"bed_temper":64.75,"heatbreak_fan_speed":"11","cooling_fan_speed":"3","big_fan1_speed":"3","big_fan2_speed":"3","ams_status":263,"wifi_signal":"-47dBm","fan_gear":59,"command":"push_status","msg":1,"sequence_id":"31451"}}
{"print":{"nozzle_temper":235.40625,"command":"push_status","msg":1,"sequence_id":"31452"}}
{"print":{"nozzle_temper":236.75,"wifi_signal":"-49dBm","command":"push_status","msg":1,"sequence_id":"31453"}}
{"print":{"nozzle_temper":237.15625,"wifi_signal":"-50dBm","command":"push_status","msg":1,"sequence_id":"31454"}}
{"print":{"nozzle_temper":237.5,"wifi_signal":"-48dBm","command":"push_status","msg":1,"sequence_id":"31455"}}
{"print":{"nozzle_temper":238,"nozzle_target_temper":220,"mc_print_sub_stage":2,"fan_gear":60,"command":"push_status","msg":1,"sequence_id":"31456"}}
{"print":{"nozzle_temper":238.375,"command":"push_status","msg":1,"sequence_id":"31457"}}
{"print":{"nozzle_temper":237.0625,"wifi_signal":"-47dBm","command":"push_status","msg":1,"sequence_id":"31458"}}
{"print":{"nozzle_temper":234.8125,"command":"push_status","msg":1,"sequence_id":"31459"}}
{"print":{"nozzle_temper":232.0625,"bed_temper":64.71875,"wifi_signal":"-49dBm","command":"push_status","msg":1,"sequence_id":"31460"}}
{"print":{"nozzle_temper":229.21875,"bed_temper":64.6875,"wifi_signal":"-47dBm","command":"push_status","msg":1,"sequence_id":"31461"}}
{"print":{"nozzle_temper":226.46875,"wifi_signal":"-49dBm","command":"push_status","msg":1,"sequence_id":"31462"}}
{"print":{"nozzle_temper":223.6875,"heatbreak_fan_speed":"10","cooling_fan_speed":"4","big_fan1_speed":"4","big_fan2_speed":"4","wifi_signal":"-47dBm","mc_print_sub_stage":0,"fan_gear":79,"command":"push_status","msg":1,"sequence_id":"31463"}}
{"print":{"nozzle_temper":221.5,"cooling_fan_speed":"10","big_fan1_speed":"10","big_fan2_speed":"10","wifi_signal":"-49dBm","fan_gear":178,"command":"push_status","msg":1,"sequence_id":"31464"}}
{"print":{"nozzle_temper":220.0625,"cooling_fan_speed":"7","big_fan1_speed":"7","big_fan2_speed":"7","mc_percent":74,"mc_remaining_time":5,"wifi_signal":"-44dBm","fan_gear":114,"ams":{"tray_pre":"3"},"command":"push_status","msg":1,"sequence_id":"31465"}}
{"print":{"nozzle_temper":219.375,"cooling_fan_speed":"9","big_fan1_speed":"9","big_fan2_speed":"9","ams_status":768,"wifi_signal":"-49dBm","fan_gear":183,"command":"push_status","msg":1,"sequence_id":"31466"}}
{"print":{"nozzle_temper":219.15625,"cooling_fan_speed":"10","big_fan1_speed":"10","big_fan2_speed":"10","wifi_signal":"-46dBm","command":"push_status","msg":1,"sequence_id":"31467"}}
{"print":{"nozzle_temper":218.96875,"bed_temper":64.65625,"command":"push_status","msg":1,"sequence_id":"31468"}}
{"print":{"nozzle_temper":218.78125,"mc_percent":75,"wifi_signal":"-45dBm","command":"push_status","msg":1,"sequence_id":"31469"}}
{"print":{"nozzle_temper":218.6875,"mc_percent":76,"wifi_signal":"-46dBm","command":"push_status","msg":1,"sequence_id":"31470"}}
{"print":{"nozzle_temper":218.625,"bed_temper":64.625,"wifi_signal":"-47dBm","command":"push_status","msg":1,"sequence_id":"31471"}}
{"print":{"bed_temper":64.65625,"mc_percent":77,"wifi_signal":"-48dBm","command":"push_status","msg":1,"sequence_id":"31472"}}
{"print":{"nozzle_temper":218.53125,"cooling_fan_speed":"11","big_fan1_speed":"11","big_fan2_speed":"11","wifi_signal":"-47dBm","layer_num":10,"fan_gear":204,"command":"push_status","msg":1,"sequence_id":"31473"}}
{"print":{"nozzle_temper":218.5625,"cooling_fan_speed":"12","big_fan1_speed":"12","big_fan2_speed":"12","wifi_signal":"-46dBm","command":"push_status","msg":1,"sequence_id":"31474"}}
{"print":{"nozzle_temper":218.71875,"cooling_fan_speed":"11","big_fan1_speed":"11","big_fan2_speed":"11","wifi_signal":"-48dBm","command":"push_status","msg":1,"sequence_id":"31475"}}
{"print":{"nozzle_temper":219,"layer_num":11,"command":"push_status","msg":1,"sequence_id":"31476"}}
{"print":{"nozzle_temper":219.21875,"bed_temper":64.625,"mc_percent":78,"mc_remaining_time":4,"command":"push_status","msg":1,"sequence_id":"31477"}}
{"print":{"nozzle_temper":219.375,"bed_temper":64.59375,"wifi_signal":"-47dBm","command":"push_status","msg":1,"sequence_id":"31478"}}
{"print":{"nozzle_temper":219.53125,"command":"push_status","msg":1,"sequence_id":"31479"}}
{"print":{"nozzle_temper":219.5625,"bed_temper":64.53125,"wifi_signal":"-48dBm","layer_num":12,"command":"push_status","msg":1,"sequence_id":"31480"}}
{"print":{"bed_temper":64.5,"wifi_signal":"-47dBm","command":"push_status","msg":1,"sequence_id":"31481"}}
