2025-12-18 21:13:18 :: {"print":{"bed_temper":65,"wifi_signal":"-55dBm","command":"push_status","msg":1,"sequence_id":"51398"}}
2025-12-18 21:13:20 :: {"print":{"nozzle_temper":220,"bed_temper":65.03125,"wifi_signal":"-56dBm","command":"push_status","msg":1,"sequence_id":"51399"}}
2025-12-18 21:13:22 :: {"print":{"wifi_signal":"-62dBm","layer_num":536,"command":"push_status","msg":1,"sequence_id":"51400"}}
2025-12-18 21:13:24 :: {"print":{"nozzle_temper":219.9375,"wifi_signal":"-66dBm","command":"push_status","msg":1,"sequence_id":"51401"}}
2025-12-18 21:13:26 :: {"print":{"bed_temper":65,"wifi_signal":"-56dBm","command":"push_status","msg":1,"sequence_id":"51402"}}
2025-12-18 21:13:30 :: {"print":{"nozzle_temper":219.96875,"wifi_signal":"-57dBm","command":"push_status","msg":1,"sequence_id":"51403"}}
2025-12-18 21:13:32 :: {"print":{"layer_num":537,"command":"push_status","msg":1,"sequence_id":"51404"}}
2025-12-18 21:13:34 :: {"print":{"wifi_signal":"-67dBm","command":"push_status","msg":1,"sequence_id":"51405"}}
2025-12-18 21:13:36 :: {"print":{"nozzle_temper":219.9375,"wifi_signal":"-62dBm","command":"push_status","msg":1,"sequence_id":"51406"}}
2025-12-18 21:13:38 :: {"print":{"nozzle_temper":219.96875,"wifi_signal":"-55dBm","command":"push_status","msg":1,"sequence_id":"51407"}}
2025-12-18 21:13:40 :: {"print":{"wifi_signal":"-65dBm","layer_num":538,"command":"push_status","msg":1,"sequence_id":"51408"}}
2025-12-18 21:13:42 :: {"print":{"nozzle_temper":219.9375,"wifi_signal":"-64dBm","command":"push_status","msg":1,"sequence_id":"51409"}}
2025-12-18 21:13:44 :: {"print":{"nozzle_temper":219.90625,"wifi_signal":"-65dBm","command":"push_status","msg":1,"sequence_id":"51410"}}
2025-12-18 21:13:46 :: {"print":{"nozzle_temper":219.9375,"bed_temper":64.96875,"wifi_signal":"-56dBm","command":"push_status","msg":1,"sequence_id":"51411"}}
2025-12-18 21:13:48 :: {"print":{"nozzle_temper":219.96875,"wifi_signal":"-62dBm","layer_num":539,"command":"push_status","msg":1,"sequence_id":"51412"}}
2025-12-18 21:13:50 :: {"print":{"wifi_signal":"-65dBm","command":"push_status","msg":1,"sequence_id":"51413"}}
2025-12-18 21:13:54 :: {"print":{"nozzle_temper":219.9375,"wifi_signal":"-67dBm","command":"push_status","msg":1,"sequence_id":"51414"}}
2025-12-18 21:13:56 :: {"print":{"wifi_signal":"-61dBm","command":"push_status","msg":1,"sequence_id":"51415"}}
2025-12-18 21:13:58 :: {"print":{"nozzle_temper":219.96875,"bed_temper":65,"wifi_signal":"-63dBm","command":"push_status","msg":1,"sequence_id":"51416"}}
2025-12-18 21:14:00 :: {"print":{"wifi_signal":"-55dBm","layer_num":540,"command":"push_status","msg":1,"sequence_id":"51417"}}
2025-12-18 21:14:02 :: {"print":{"nozzle_temper":219.9375,"wifi_signal":"-64dBm","command":"push_status","msg":1,"sequence_id":"51418"}}
2025-12-18 21:14:04 :: {"print":{"nozzle_temper":219.90625,"mc_percent":88,"wifi_signal":"-68dBm","command":"push_status","msg":1,"sequence_id":"51419"}}
2025-12-18 21:14:06 :: {"print":{"nozzle_temper":219.9375,"bed_temper":64.96875,"wifi_signal":"-59dBm","command":"push_status","msg":1,"sequence_id":"51420"}}
2025-12-18 21:14:09 :: {"print":{"wifi_signal":"-63dBm","layer_num":541,"command":"push_status","msg":1,"sequence_id":"51421"}}
2025-12-18 21:14:11 :: {"print":{"wifi_signal":"-58dBm","command":"push_status","msg":1,"sequence_id":"51422"}}
2025-12-18 21:14:13 :: {"print":{"wifi_signal":"-64dBm","command":"push_status","msg":1,"sequence_id":"51423"}}
2025-12-18 21:14:17 :: {"print":{"bed_temper":65,"wifi_signal":"-65dBm","command":"push_status","msg":1,"sequence_id":"51424"}}
2025-12-18 21:14:19 :: {"print":{"nozzle_temper":219.96875,"wifi_signal":"-55dBm","command":"push_status","msg":1,"sequence_id":"51425"}}
2025-12-18 21:14:21 :: {"print":{"bed_temper":65.03125,"mc_remaining_time":11,"wifi_signal":"-57dBm","layer_num":542,"command":"push_status","msg":1,"sequence_id":"51426"}}
2025-12-18 21:14:23 :: {"print":{"nozzle_temper":219.9375,"wifi_signal":"-65dBm","command":"push_status","msg":1,"sequence_id":"51427"}}
2025-12-18 21:14:25 :: {"print":{"wifi_signal":"-64dBm","command":"push_status","msg":1,"sequence_id":"51428"}}
2025-12-18 21:14:27 :: {"print":{"nozzle_temper":220,"wifi_signal":"-54dBm","command":"push_status","msg":1,"sequence_id":"51429"}}
2025-12-18 21:14:29 :: {"print":{"bed_temper":65.0625,"wifi_signal":"-57dBm","layer_num":543,"command":"push_status","msg":1,"sequence_id":"51430"}}
2025-12-18 21:14:31 :: {"print":{"nozzle_temper":219.96875,"command":"push_status","msg":1,"sequence_id":"51431"}}
2025-12-18 21:14:33 :: {"print":{"nozzle_temper":219.9375,"wifi_signal":"-62dBm","command":"push_status","msg":1,"sequence_id":"51432"}}
2025-12-18 21:14:35 :: {"print":{"nozzle_temper":220.03125,"wifi_signal":"-67dBm","command":"push_status","msg":1,"sequence_id":"51433"}}
2025-12-18 21:14:37 :: {"print":{"nozzle_temper":220.125,"bed_temper":65.09375,"wifi_signal":"-60dBm","command":"push_status","msg":1,"sequence_id":"51434"}}
2025-12-18 21:14:41 :: {"print":{"nozzle_temper":220.09375,"wifi_signal":"-66dBm","layer_num":544,"command":"push_status","msg":1,"sequence_id":"51435"}}
2025-12-18 21:14:43 :: {"print":{"nozzle_temper":220,"wifi_signal":"-57dBm","command":"push_status","msg":1,"sequence_id":"51436"}}
2025-12-18 21:14:45 :: {"print":{"nozzle_temper":219.9375,"wifi_signal":"-66dBm","command":"push_status","msg":1,"sequence_id":"51437"}}
2025-12-18 21:14:47 :: {"print":{"nozzle_temper":219.90625,"command":"push_status","msg":1,"sequence_id":"51438"}}
2025-12-18 21:14:49 :: {"print":{"nozzle_temper":219.9375,"wifi_signal":"-65dBm","command":"push_status","msg":1,"sequence_id":"51439"}}
2025-12-18 21:14:51 :: {"print":{"wifi_signal":"-57dBm","layer_num":545,"command":"push_status","msg":1,"sequence_id":"51440"}}
2025-12-18 21:14:53 :: {"print":{"nozzle_temper":219.90625,"wifi_signal":"-59dBm","command":"push_status","msg":1,"sequence_id":"51441"}}
2025-12-18 21:14:55 :: {"print":{"wifi_signal":"-65dBm","command":"push_status","msg":1,"sequence_id":"51442"}}
2025-12-18 21:14:57 :: {"print":{"nozzle_temper":219.9375,"wifi_signal":"-59dBm","command":"push_status","msg":1,"sequence_id":"51443"}}
2025-12-18 21:14:59 :: {"print":{"nozzle_temper":219.96875,"wifi_signal":"-56dBm","layer_num":546,"command":"push_status","msg":1,"sequence_id":"51444"}}
2025-12-18 21:15:01 :: {"print":{"nozzle_temper":219.9375,"wifi_signal":"-62dBm","command":"push_status","msg":1,"sequence_id":"51445"}}
2025-12-18 21:15:05 :: {"print":{"nozzle_temper":219.90625,"wifi_signal":"-65dBm","command":"push_status","msg":1,"sequence_id":"51446"}}
2025-12-18 21:15:07 :: {"print":{"nozzle_temper":219.9375,"mc_remaining_time":10,"wifi_signal":"-61dBm","command":"push_status","msg":1,"sequence_id":"51447"}}
2025-12-18 21:15:09 :: {"print":{"nozzle_temper":220,"wifi_signal":"-66dBm","layer_num":547,"command":"push_status","msg":1,"sequence_id":"51448"}}
2025-12-18 21:15:11 :: {"print":{"bed_temper":65.125,"wifi_signal":"-59dBm","command":"push_status","msg":1,"sequence_id":"51449"}}
2025-12-18 21:15:13 :: {"print":{"nozzle_temper":219.96875,"wifi_signal":"-66dBm","command":"push_status","msg":1,"sequence_id":"51450"}}
2025-12-18 21:15:15 :: {"print":{"wifi_signal":"-64dBm","command":"push_status","msg":1,"sequence_id":"51451"}}
2025-12-18 21:15:17 :: {"print":{"nozzle_temper":220,"wifi_signal":"-63dBm","command":"push_status","msg":1,"sequence_id":"51452"}}
2025-12-18 21:15:19 :: {"print":{"mc_percent":89,"wifi_signal":"-55dBm","layer_num":548,"command":"push_status","msg":1,"sequence_id":"51453"}}
2025-12-18 21:15:21 :: {"print":{"nozzle_temper":219.96875,"wifi_signal":"-63dBm","command":"push_status","msg":1,"sequence_id":"51454"}}
2025-12-18 21:15:23 :: {"print":{"wifi_signal":"-64dBm","command":"push_status","msg":1,"sequence_id":"51455"}}
2025-12-18 21:15:27 :: {"print":{"nozzle_temper":220.03125,"wifi_signal":"-58dBm","command":"push_status","msg":1,"sequence_id":"51456"}}
2025-12-18 21:15:29 :: {"print":{"wifi_signal":"-55dBm","layer_num":549,"command":"push_status","msg":1,"sequence_id":"51457"}}
2025-12-18 21:15:31 :: {"print":{"nozzle_temper":220,"wifi_signal":"-63dBm","command":"push_status","msg":1,"sequence_id":"51458"}}
2025-12-18 21:15:34 :: {"print":{"nozzle_temper":219.96875,"wifi_signal":"-62dBm","command":"push_status","msg":1,"sequence_id":"51459"}}
2025-12-18 21:15:36 :: {"print":{"bed_temper":65.09375,"wifi_signal":"-60dBm","command":"push_status","msg":1,"sequence_id":"51460"}}
2025-12-18 21:15:38 :: {"print":{"nozzle_temper":220.03125,"wifi_signal":"-58dBm","layer_num":550,"command":"push_status","msg":1,"sequence_id":"51461"}}
2025-12-18 21:15:40 :: {"print":{"nozzle_temper":220,"wifi_signal":"-63dBm","command":"push_status","msg":1,"sequence_id":"51462"}}
2025-12-18 21:15:42 :: {"print":{"wifi_signal":"-62dBm","command":"push_status","msg":1,"sequence_id":"51463"}}
2025-12-18 21:15:44 :: {"print":{"bed_temper":65.125,"wifi_signal":"-58dBm","command":"push_status","msg":1,"sequence_id":"51464"}}
2025-12-18 21:15:46 :: {"print":{"nozzle_temper":220.03125,"wifi_signal":"-62dBm","layer_num":551,"command":"push_status","msg":1,"sequence_id":"51465"}}
2025-12-18 21:15:48 :: {"print":{"nozzle_temper":219.96875,"wifi_signal":"-66dBm","command":"push_status","msg":1,"sequence_id":"51466"}}
2025-12-18 21:15:52 :: {"print":{"wifi_signal":"-63dBm","command":"push_status","msg":1,"sequence_id":"51467"}}
2025-12-18 21:15:54 :: {"print":{"nozzle_temper":220,"wifi_signal":"-56dBm","command":"push_status","msg":1,"sequence_id":"51468"}}
2025-12-18 21:15:56 :: {"print":{"nozzle_temper":220.03125,"wifi_signal":"-62dBm","layer_num":552,"command":"push_status","msg":1,"sequence_id":"51469"}}
2025-12-18 21:15:58 :: {"print":{"nozzle_temper":220,"wifi_signal":"-63dBm","command":"push_status","msg":1,"sequence_id":"51470"}}
2025-12-18 21:16:02 :: {"print":{"nozzle_temper":220.03125,"wifi_signal":"-62dBm","command":"push_status","msg":1,"sequence_id":"51471"}}
2025-12-18 21:16:04 :: {"print":{"wifi_signal":"-56dBm","layer_num":553,"command":"push_status","msg":1,"sequence_id":"51472"}}
2025-12-18 21:16:06 :: {"print":{"nozzle_temper":220,"wifi_signal":"-62dBm","command":"push_status","msg":1,"sequence_id":"51473"}}
2025-12-18 21:16:08 :: {"print":{"wifi_signal":"-58dBm","command":"push_status","msg":1,"sequence_id":"51474"}}
2025-12-18 21:16:10 :: {"print":{"nozzle_temper":220.03125,"wifi_signal":"-61dBm","layer_num":554,"command":"push_status","msg":1,"sequence_id":"51475"}}
2025-12-18 21:16:12 :: {"print":{"bed_temper":65.15625,"wifi_signal":"-56dBm","command":"push_status","msg":1,"sequence_id":"51476"}}
2025-12-18 21:16:16 :: {"print":{"wifi_signal":"-65dBm","command":"push_status","msg":1,"sequence_id":"51477"}}
2025-12-18 21:16:18 :: {"print":{"nozzle_temper":220.0625,"wifi_signal":"-60dBm","command":"push_status","msg":1,"sequence_id":"51478"}}
2025-12-18 21:16:20 :: {"print":{"layer_num":555,"command":"push_status","msg":1,"sequence_id":"51479"}}
2025-12-18 21:16:22 :: {"print":{"nozzle_temper":220.03125,"wifi_signal":"-64dBm","command":"push_status","msg":1,"sequence_id":"51480"}}
2025-12-18 21:16:24 :: {"print":{"bed_temper":65.125,"wifi_signal":"-62dBm","command":"push_status","msg":1,"sequence_id":"51481"}}
2025-12-18 21:16:26 :: {"print":{"wifi_signal":"-57dBm","command":"push_status","msg":1,"sequence_id":"51482"}}
2025-12-18 21:16:28 :: {"print":{"bed_temper":65.09375,"wifi_signal":"-58dBm","layer_num":556,"command":"push_status","msg":1,"sequence_id":"51483"}}
2025-12-18 21:16:30 :: {"print":{"nozzle_temper":220,"bed_temper":65.0625,"wifi_signal":"-64dBm","command":"push_status","msg":1,"sequence_id":"51484"}}
2025-12-18 21:16:32 :: {"print":{"nozzle_temper":220.03125,"bed_temper":65.03125,"wifi_signal":"-58dBm","command":"push_status","msg":1,"sequence_id":"51485"}}
2025-12-18 21:16:34 :: {"print":{"nozzle_temper":220.0625,"mc_remaining_time":9,"wifi_signal":"-61dBm","layer_num":557,"command":"push_status","msg":1,"sequence_id":"51486"}}
2025-12-18 21:16:38 :: {"print":{"nozzle_temper":220.03125,"bed_temper":65,"mc_percent":90,"wifi_signal":"-62dBm","command":"push_status","msg":1,"sequence_id":"51487"}}
2025-12-18 21:16:40 :: {"print":{"nozzle_temper":220,"wifi_signal":"-63dBm","command":"push_status","msg":1,"sequence_id":"51488"}}
2025-12-18 21:16:42 :: {"print":{"nozzle_temper":220.0625,"bed_temper":64.96875,"wifi_signal":"-65dBm","command":"push_status","msg":1,"sequence_id":"51489"}}
2025-12-18 21:16:44 :: {"print":{"wifi_signal":"-61dBm","layer_num":558,"command":"push_status","msg":1,"sequence_id":"51490"}}
2025-12-18 21:16:46 :: {"print":{"nozzle_temper":220.03125,"command":"push_status","msg":1,"sequence_id":"51491"}}
2025-12-18 21:16:48 :: {"print":{"wifi_signal":"-58dBm","command":"push_status","msg":1,"sequence_id":"51492"}}
2025-12-18 21:16:50 :: {"print":{"wifi_signal":"-62dBm","layer_num":559,"command":"push_status","msg":1,"sequence_id":"51493"}}
2025-12-18 21:16:52 :: {"print":{"nozzle_temper":220,"command":"push_status","msg":1,"sequence_id":"51494"}}
2025-12-18 21:16:54 :: {"print":{"nozzle_temper":220.03125,"wifi_signal":"-60dBm","command":"push_status","msg":1,"sequence_id":"51495"}}
2025-12-18 21:16:57 :: {"print":{"wifi_signal":"-57dBm","layer_num":560,"command":"push_status","msg":1,"sequence_id":"51496"}}
2025-12-18 21:16:59 :: {"print":{"wifi_signal":"-63dBm","command":"push_status","msg":1,"sequence_id":"51497"}}
2025-12-18 21:17:03 :: {"print":{"nozzle_temper":220.0625,"wifi_signal":"-61dBm","command":"push_status","msg":1,"sequence_id":"51498"}}
2025-12-18 21:17:05 :: {"print":{"wifi_signal":"-56dBm","layer_num":561,"command":"push_status","msg":1,"sequence_id":"51499"}}
2025-12-18 21:17:07 :: {"print":{"wifi_signal":"-63dBm","command":"push_status","msg":1,"sequence_id":"51500"}}
2025-12-18 21:17:09 :: {"print":{"wifi_signal":"-60dBm","command":"push_status","msg":1,"sequence_id":"51501"}}
2025-12-18 21:17:11 :: {"print":{"wifi_signal":"-63dBm","command":"push_status","msg":1,"sequence_id":"51502"}}
2025-12-18 21:17:13 :: {"print":{"nozzle_temper":220.09375,"wifi_signal":"-61dBm","layer_num":562,"command":"push_status","msg":1,"sequence_id":"51503"}}
2025-12-18 21:17:15 :: {"print":{"nozzle_temper":220.0625,"wifi_signal":"-64dBm","command":"push_status","msg":1,"sequence_id":"51504"}}
2025-12-18 21:17:17 :: {"print":{"nozzle_temper":220.09375,"command":"push_status","msg":1,"sequence_id":"51505"}}
2025-12-18 21:17:19 :: {"print":{"nozzle_temper":220.125,"wifi_signal":"-62dBm","layer_num":563,"command":"push_status","msg":1,"sequence_id":"51506"}}
2025-12-18 21:17:21 :: {"print":{"nozzle_temper":220.09375,"wifi_signal":"-61dBm","command":"push_status","msg":1,"sequence_id":"51507"}}
2025-12-18 21:17:23 :: {"print":{"nozzle_temper":220.03125,"wifi_signal":"-63dBm","command":"push_status","msg":1,"sequence_id":"51508"}}
2025-12-18 21:17:27 :: {"print":{"nozzle_temper":220,"command":"push_status","msg":1,"sequence_id":"51509"}}
2025-12-18 21:17:29 :: {"print":{"bed_temper":64.9375,"wifi_signal":"-62dBm","layer_num":564,"command":"push_status","msg":1,"sequence_id":"51510"}}
2025-12-18 21:17:31 :: {"print":{"nozzle_temper":219.96875,"command":"push_status","msg":1,"sequence_id":"51511"}}
2025-12-18 21:17:33 :: {"print":{"wifi_signal":"-64dBm","command":"push_status","msg":1,"sequence_id":"51512"}}
2025-12-18 21:17:35 :: {"print":{"nozzle_temper":219.9375,"bed_temper":64.96875,"wifi_signal":"-63dBm","layer_num":565,"command":"push_status","msg":1,"sequence_id":"51513"}}
2025-12-18 21:17:37 :: {"print":{"nozzle_temper":219.84375,"wifi_signal":"-64dBm","command":"push_status","msg":1,"sequence_id":"51514"}}
2025-12-18 21:17:39 :: {"print":{"nozzle_temper":219.65625,"wifi_signal":"-63dBm","layer_num":566,"command":"push_status","msg":1,"sequence_id":"51515"}}
2025-12-18 21:17:41 :: {"print":{"nozzle_temper":219.59375,"command":"push_status","msg":1,"sequence_id":"51516"}}
2025-12-18 21:17:43 :: {"print":{"layer_num":567,"command":"push_status","msg":1,"sequence_id":"51517"}}
2025-12-18 21:17:45 :: {"print":{"wifi_signal":"-58dBm","command":"push_status","msg":1,"sequence_id":"51518"}}
2025-12-18 21:17:49 :: {"print":{"nozzle_temper":219.65625,"mc_percent":91,"wifi_signal":"-61dBm","layer_num":568,"command":"push_status","msg":1,"sequence_id":"51519"}}
2025-12-18 21:17:51 :: {"print":{"nozzle_temper":219.6875,"command":"push_status","msg":1,"sequence_id":"51520"}}
2025-12-18 21:17:53 :: {"print":{"nozzle_temper":219.71875,"wifi_signal":"-62dBm","command":"push_status","msg":1,"sequence_id":"51521"}}
2025-12-18 21:17:55 :: {"print":{"nozzle_temper":219.75,"bed_temper":64.9375,"mc_remaining_time":8,"wifi_signal":"-56dBm","layer_num":569,"command":"push_status","msg":1,"sequence_id":"51522"}}
2025-12-18 21:17:57 :: {"print":{"wifi_signal":"-60dBm","command":"push_status","msg":1,"sequence_id":"51523"}}
2025-12-18 21:17:59 :: {"print":{"nozzle_temper":219.8125,"wifi_signal":"-63dBm","layer_num":570,"command":"push_status","msg":1,"sequence_id":"51524"}}
2025-12-18 21:18:01 :: {"print":{"nozzle_temper":219.84375,"wifi_signal":"-62dBm","command":"push_status","msg":1,"sequence_id":"51525"}}
2025-12-18 21:18:03 :: {"print":{"nozzle_temper":219.90625,"wifi_signal":"-60dBm","layer_num":571,"command":"push_status","msg":1,"sequence_id":"51526"}}
2025-12-18 21:18:05 :: {"print":{"nozzle_temper":219.9375,"bed_temper":64.90625,"command":"push_status","msg":1,"sequence_id":"51527"}}
2025-12-18 21:18:07 :: {"print":{"nozzle_temper":219.875,"wifi_signal":"-61dBm","layer_num":572,"command":"push_status","msg":1,"sequence_id":"51528"}}
2025-12-18 21:18:09 :: {"print":{"nozzle_temper":219.90625,"command":"push_status","msg":1,"sequence_id":"51529"}}
2025-12-18 21:18:13 :: {"print":{"nozzle_temper":219.96875,"layer_num":573,"command":"push_status","msg":1,"sequence_id":"51530"}}
2025-12-18 21:18:19 :: {"print":{"nozzle_temper":220,"bed_temper":64.875,"layer_num":574,"command":"push_status","msg":1,"sequence_id":"51531"}}
2025-12-18 21:18:21 :: {"print":{"nozzle_temper":219.96875,"wifi_signal":"-58dBm","command":"push_status","msg":1,"sequence_id":"51532"}}
2025-12-18 21:18:24 :: {"print":{"nozzle_temper":220,"wifi_signal":"-61dBm","layer_num":575,"command":"push_status","msg":1,"sequence_id":"51533"}}
2025-12-18 21:18:26 :: {"print":{"bed_temper":64.90625,"wifi_signal":"-62dBm","command":"push_status","msg":1,"sequence_id":"51534"}}
2025-12-18 21:18:28 :: {"print":{"nozzle_temper":220.03125,"layer_num":576,"command":"push_status","msg":1,"sequence_id":"51535"}}
2025-12-18 21:18:30 :: {"print":{"bed_temper":64.9375,"mc_remaining_time":7,"wifi_signal":"-61dBm","command":"push_status","msg":1,"sequence_id":"51536"}}
2025-12-18 21:18:32 :: {"print":{"bed_temper":64.96875,"wifi_signal":"-62dBm","layer_num":577,"command":"push_status","msg":1,"sequence_id":"51537"}}
2025-12-18 21:18:36 :: {"print":{"wifi_signal":"-63dBm","command":"push_status","msg":1,"sequence_id":"51538"}}
2025-12-18 21:18:38 :: {"print":{"wifi_signal":"-61dBm","command":"push_status","msg":1,"sequence_id":"51539"}}
2025-12-18 21:18:40 :: {"print":{"nozzle_temper":220.0625,"layer_num":578,"command":"push_status","msg":1,"sequence_id":"51540"}}
2025-12-18 21:18:42 :: {"print":{"nozzle_temper":220.09375,"bed_temper":65,"wifi_signal":"-62dBm","command":"push_status","msg":1,"sequence_id":"51541"}}
2025-12-18 21:18:44 :: {"print":{"nozzle_temper":220.0625,"wifi_signal":"-61dBm","layer_num":579,"command":"push_status","msg":1,"sequence_id":"51542"}}
2025-12-18 21:18:46 :: {"print":{"nozzle_temper":220.03125,"bed_temper":64.96875,"mc_percent":92,"wifi_signal":"-62dBm","command":"push_status","msg":1,"sequence_id":"51543"}}
2025-12-18 21:18:48 :: {"print":{"nozzle_temper":220.0625,"wifi_signal":"-61dBm","layer_num":580,"command":"push_status","msg":1,"sequence_id":"51544"}}
2025-12-18 21:18:52 :: {"print":{"nozzle_temper":220.09375,"layer_num":581,"command":"push_status","msg":1,"sequence_id":"51545"}}
2025-12-18 21:18:54 :: {"print":{"nozzle_temper":220.125,"wifi_signal":"-60dBm","command":"push_status","msg":1,"sequence_id":"51546"}}
2025-12-18 21:18:56 :: {"print":{"bed_temper":64.9375,"command":"push_status","msg":1,"sequence_id":"51547"}}
2025-12-18 21:19:00 :: {"print":{"nozzle_temper":220.09375,"wifi_signal":"-63dBm","layer_num":582,"command":"push_status","msg":1,"sequence_id":"51548"}}
2025-12-18 21:19:02 :: {"print":{"wifi_signal":"-59dBm","layer_num":583,"command":"push_status","msg":1,"sequence_id":"51549"}}
2025-12-18 21:19:04 :: {"print":{"nozzle_temper":220.0625,"wifi_signal":"-61dBm","command":"push_status","msg":1,"sequence_id":"51550"}}
2025-12-18 21:19:06 :: {"print":{"wifi_signal":"-62dBm","command":"push_status","msg":1,"sequence_id":"51551"}}
2025-12-18 21:19:08 :: {"print":{"bed_temper":64.90625,"wifi_signal":"-63dBm","layer_num":584,"command":"push_status","msg":1,"sequence_id":"51552"}}
2025-12-18 21:19:10 :: {"print":{"bed_temper":64.9375,"wifi_signal":"-59dBm","command":"push_status","msg":1,"sequence_id":"51553"}}
2025-12-18 21:19:12 :: {"print":{"nozzle_temper":220.03125,"bed_temper":64.90625,"wifi_signal":"-61dBm","layer_num":585,"command":"push_status","msg":1,"sequence_id":"51554"}}
2025-12-18 21:19:14 :: {"print":{"wifi_signal":"-59dBm","command":"push_status","msg":1,"sequence_id":"51555"}}
2025-12-18 21:19:16 :: {"print":{"nozzle_temper":220.0625,"wifi_signal":"-60dBm","command":"push_status","msg":1,"sequence_id":"51556"}}
2025-12-18 21:19:18 :: {"print":{"nozzle_temper":220.03125,"wifi_signal":"-59dBm","layer_num":586,"command":"push_status","msg":1,"sequence_id":"51557"}}
2025-12-18 21:19:22 :: {"print":{"nozzle_temper":220.0625,"wifi_signal":"-60dBm","layer_num":587,"command":"push_status","msg":1,"sequence_id":"51558"}}
2025-12-18 21:19:24 :: {"print":{"nozzle_temper":220.09375,"wifi_signal":"-63dBm","command":"push_status","msg":1,"sequence_id":"51559"}}
2025-12-18 21:19:26 :: {"print":{"nozzle_temper":220.125,"wifi_signal":"-60dBm","command":"push_status","msg":1,"sequence_id":"51560"}}
2025-12-18 21:19:28 :: {"print":{"nozzle_temper":220.09375,"layer_num":588,"command":"push_status","msg":1,"sequence_id":"51561"}}
2025-12-18 21:19:30 :: {"print":{"nozzle_temper":220.0625,"wifi_signal":"-62dBm","command":"push_status","msg":1,"sequence_id":"51562"}}
2025-12-18 21:19:32 :: {"print":{"wifi_signal":"-63dBm","layer_num":589,"command":"push_status","msg":1,"sequence_id":"51563"}}
2025-12-18 21:19:34 :: {"print":{"nozzle_temper":220.03125,"wifi_signal":"-61dBm","command":"push_status","msg":1,"sequence_id":"51564"}}
2025-12-18 21:19:36 :: {"print":{"wifi_signal":"-60dBm","command":"push_status","msg":1,"sequence_id":"51565"}}
2025-12-18 21:19:38 :: {"print":{"nozzle_temper":220.0625,"mc_remaining_time":6,"layer_num":590,"command":"push_status","msg":1,"sequence_id":"51566"}}
2025-12-18 21:19:40 :: {"print":{"bed_temper":64.875,"layer_num":591,"command":"push_status","msg":1,"sequence_id":"51567"}}
2025-12-18 21:19:42 :: {"print":{"nozzle_temper":220.09375,"mc_percent":93,"wifi_signal":"-59dBm","command":"push_status","msg":1,"sequence_id":"51568"}}
2025-12-18 21:19:46 :: {"print":{"nozzle_temper":220.0625,"bed_temper":64.84375,"wifi_signal":"-60dBm","layer_num":592,"command":"push_status","msg":1,"sequence_id":"51569"}}
2025-12-18 21:19:49 :: {"print":{"wifi_signal":"-61dBm","command":"push_status","msg":1,"sequence_id":"51570"}}
2025-12-18 21:19:51 :: {"print":{"wifi_signal":"-63dBm","command":"push_status","msg":1,"sequence_id":"51571"}}
2025-12-18 21:19:53 :: {"print":{"wifi_signal":"-60dBm","layer_num":593,"command":"push_status","msg":1,"sequence_id":"51572"}}
2025-12-18 21:19:55 :: {"print":{"wifi_signal":"-62dBm","command":"push_status","msg":1,"sequence_id":"51573"}}
2025-12-18 21:19:57 :: {"print":{"nozzle_temper":220.09375,"bed_temper":64.875,"wifi_signal":"-61dBm","layer_num":594,"fan_gear":204,"command":"push_status","msg":1,"sequence_id":"51574"}}
2025-12-18 21:19:59 :: {"print":{"bed_temper":64.90625,"wifi_signal":"-60dBm","command":"push_status","msg":1,"sequence_id":"51575"}}
2025-12-18 21:20:01 :: {"print":{"wifi_signal":"-61dBm","layer_num":595,"fan_gear":201,"command":"push_status","msg":1,"sequence_id":"51576"}}
2025-12-18 21:20:03 :: {"print":{"nozzle_temper":220.125,"bed_temper":64.9375,"command":"push_status","msg":1,"sequence_id":"51577"}}
2025-12-18 21:20:05 :: {"print":{"bed_temper":64.96875,"cooling_fan_speed":"12","big_fan1_speed":"12","big_fan2_speed":"12","wifi_signal":"-60dBm","layer_num":596,"fan_gear":204,"command":"push_status","msg":1,"sequence_id":"51578"}}
2025-12-18 21:20:07 :: {"print":{"wifi_signal":"-61dBm","command":"push_status","msg":1,"sequence_id":"51579"}}
2025-12-18 21:20:11 :: {"print":{"nozzle_temper":220.09375,"cooling_fan_speed":"11","big_fan1_speed":"11","big_fan2_speed":"11","wifi_signal":"-62dBm","layer_num":597,"command":"push_status","msg":1,"sequence_id":"51580"}}
2025-12-18 21:20:13 :: {"print":{"wifi_signal":"-60dBm","command":"push_status","msg":1,"sequence_id":"51581"}}
2025-12-18 21:20:15 :: {"print":{"wifi_signal":"-61dBm","layer_num":598,"command":"push_status","msg":1,"sequence_id":"51582"}}
2025-12-18 21:20:17 :: {"print":{"nozzle_temper":220.0625,"wifi_signal":"-62dBm","command":"push_status","msg":1,"sequence_id":"51583"}}
2025-12-18 21:20:19 :: {"print":{"cooling_fan_speed":"12","big_fan1_speed":"12","big_fan2_speed":"12","wifi_signal":"-60dBm","layer_num":599,"command":"push_status","msg":1,"sequence_id":"51584"}}
2025-12-18 21:20:21 :: {"print":{"bed_temper":64.9375,"cooling_fan_speed":"11","big_fan1_speed":"11","big_fan2_speed":"11","layer_num":600,"command":"push_status","msg":1,"sequence_id":"51585"}}
2025-12-18 21:20:23 :: {"print":{"nozzle_temper":220.03125,"cooling_fan_speed":"12","big_fan1_speed":"12","big_fan2_speed":"12","command":"push_status","msg":1,"sequence_id":"51586"}}
2025-12-18 21:20:25 :: {"print":{"bed_temper":64.90625,"cooling_fan_speed":"11","big_fan1_speed":"11","big_fan2_speed":"11","wifi_signal":"-62dBm","layer_num":601,"command":"push_status","msg":1,"sequence_id":"51587"}}
2025-12-18 21:20:29 :: {"print":{"bed_temper":64.875,"layer_num":602,"command":"push_status","msg":1,"sequence_id":"51588"}}
2025-12-18 21:20:33 :: {"print":{"layer_num":603,"command":"push_status","msg":1,"sequence_id":"51589"}}
2025-12-18 21:20:35 :: {"print":{"nozzle_temper":220,"bed_temper":64.84375,"wifi_signal":"-61dBm","command":"push_status","msg":1,"sequence_id":"51590"}}
2025-12-18 21:20:37 :: {"print":{"wifi_signal":"-60dBm","layer_num":604,"command":"push_status","msg":1,"sequence_id":"51591"}}
2025-12-18 21:20:39 :: {"print":{"bed_temper":64.8125,"cooling_fan_speed":"12","big_fan1_speed":"12","big_fan2_speed":"12","wifi_signal":"-62dBm","command":"push_status","msg":1,"sequence_id":"51592"}}
2025-12-18 21:20:41 :: {"print":{"nozzle_temper":220.03125,"cooling_fan_speed":"11","big_fan1_speed":"11","big_fan2_speed":"11","mc_percent":94,"wifi_signal":"-60dBm","layer_num":605,"command":"push_status","msg":1,"sequence_id":"51593"}}
2025-12-18 21:20:43 :: {"print":{"cooling_fan_speed":"12","big_fan1_speed":"12","big_fan2_speed":"12","layer_num":606,"command":"push_status","msg":1,"sequence_id":"51594"}}
2025-12-18 21:20:45 :: {"print":{"nozzle_temper":220,"cooling_fan_speed":"11","big_fan1_speed":"11","big_fan2_speed":"11","wifi_signal":"-61dBm","command":"push_status","msg":1,"sequence_id":"51595"}}
2025-12-18 21:20:47 :: {"print":{"nozzle_temper":220.03125,"mc_remaining_time":5,"layer_num":607,"command":"push_status","msg":1,"sequence_id":"51596"}}
2025-12-18 21:20:49 :: {"print":{"bed_temper":64.84375,"wifi_signal":"-62dBm","layer_num":608,"command":"push_status","msg":1,"sequence_id":"51597"}}
2025-12-18 21:20:51 :: {"print":{"bed_temper":64.875,"cooling_fan_speed":"12","big_fan1_speed":"12","big_fan2_speed":"12","command":"push_status","msg":1,"sequence_id":"51598"}}
2025-12-18 21:20:55 :: {"print":{"cooling_fan_speed":"11","big_fan1_speed":"11","big_fan2_speed":"11","layer_num":609,"command":"push_status","msg":1,"sequence_id":"51599"}}
2025-12-18 21:20:57 :: {"print":{"bed_temper":64.90625,"cooling_fan_speed":"12","big_fan1_speed":"12","big_fan2_speed":"12","wifi_signal":"-60dBm","command":"push_status","msg":1,"sequence_id":"51600"}}
2025-12-18 21:20:59 :: {"print":{"nozzle_temper":220.0625,"wifi_signal":"-62dBm","layer_num":610,"command":"push_status","msg":1,"sequence_id":"51601"}}
2025-12-18 21:21:01 :: {"print":{"cooling_fan_speed":"11","big_fan1_speed":"11","big_fan2_speed":"11","wifi_signal":"-60dBm","layer_num":611,"command":"push_status","msg":1,"sequence_id":"51602"}}
2025-12-18 21:21:03 :: {"print":{"cooling_fan_speed":"12","big_fan1_speed":"12","big_fan2_speed":"12","wifi_signal":"-61dBm","layer_num":612,"command":"push_status","msg":1,"sequence_id":"51603"}}
2025-12-18 21:21:05 :: {"print":{"wifi_signal":"-62dBm","command":"push_status","msg":1,"sequence_id":"51604"}}
2025-12-18 21:21:07 :: {"print":{"bed_temper":64.875,"wifi_signal":"-61dBm","layer_num":613,"command":"push_status","msg":1,"sequence_id":"51605"}}
2025-12-18 21:21:11 :: {"print":{"nozzle_temper":220.03125,"cooling_fan_speed":"11","big_fan1_speed":"11","big_fan2_speed":"11","layer_num":614,"command":"push_status","msg":1,"sequence_id":"51606"}}
2025-12-18 21:21:14 :: {"print":{"bed_temper":64.90625,"wifi_signal":"-62dBm","layer_num":615,"command":"push_status","msg":1,"sequence_id":"51607"}}
2025-12-18 21:21:16 :: {"print":{"wifi_signal":"-61dBm","layer_num":616,"command":"push_status","msg":1,"sequence_id":"51608"}}
2025-12-18 21:21:20 :: {"print":{"cooling_fan_speed":"12","big_fan1_speed":"12","big_fan2_speed":"12","layer_num":617,"command":"push_status","msg":1,"sequence_id":"51609"}}
2025-12-18 21:21:22 :: {"print":{"bed_temper":64.9375,"wifi_signal":"-62dBm","layer_num":618,"command":"push_status","msg":1,"sequence_id":"51610"}}
2025-12-18 21:21:24 :: {"print":{"nozzle_temper":220.09375,"bed_temper":64.96875,"mc_remaining_time":4,"wifi_signal":"-60dBm","layer_num":621,"command":"push_status","msg":1,"sequence_id":"51611"}}
2025-12-18 21:21:26 :: {"print":{"nozzle_temper":220.0625,"cooling_fan_speed":"11","big_fan1_speed":"11","big_fan2_speed":"11","wifi_signal":"-62dBm","command":"push_status","msg":1,"sequence_id":"51612"}}
2025-12-18 21:21:28 :: {"print":{"layer_num":622,"command":"push_status","msg":1,"sequence_id":"51613"}}
2025-12-18 21:21:30 :: {"print":{"nozzle_temper":220.03125,"cooling_fan_speed":"12","big_fan1_speed":"12","big_fan2_speed":"12","wifi_signal":"-63dBm","layer_num":624,"command":"push_status","msg":1,"sequence_id":"51614"}}
2025-12-18 21:21:32 :: {"print":{"nozzle_temper":219.96875,"wifi_signal":"-62dBm","layer_num":626,"command":"push_status","msg":1,"sequence_id":"51615"}}
2025-12-18 21:21:34 :: {"print":{"nozzle_temper":219.90625,"cooling_fan_speed":"11","big_fan1_speed":"11","big_fan2_speed":"11","layer_num":627,"command":"push_status","msg":1,"sequence_id":"51616"}}
2025-12-18 21:21:36 :: {"print":{"wifi_signal":"-61dBm","layer_num":629,"command":"push_status","msg":1,"sequence_id":"51617"}}
2025-12-18 21:21:38 :: {"print":{"wifi_signal":"-60dBm","command":"push_status","msg":1,"sequence_id":"51618"}}
2025-12-18 21:21:42 :: {"print":{"nozzle_temper":219.9375,"cooling_fan_speed":"12","big_fan1_speed":"12","big_fan2_speed":"12","wifi_signal":"-62dBm","layer_num":631,"command":"push_status","msg":1,"sequence_id":"51619"}}
2025-12-18 21:21:44 :: {"print":{"nozzle_temper":219.90625,"bed_temper":65,"mc_percent":95,"wifi_signal":"-60dBm","layer_num":632,"command":"push_status","msg":1,"sequence_id":"51620"}}
2025-12-18 21:21:46 :: {"print":{"cooling_fan_speed":"11","big_fan1_speed":"11","big_fan2_speed":"11","wifi_signal":"-61dBm","layer_num":633,"command":"push_status","msg":1,"sequence_id":"51621"}}
2025-12-18 21:21:48 :: {"print":{"nozzle_temper":219.9375,"cooling_fan_speed":"12","big_fan1_speed":"12","big_fan2_speed":"12","layer_num":634,"command":"push_status","msg":1,"sequence_id":"51622"}}
2025-12-18 21:21:50 :: {"print":{"bed_temper":64.96875,"wifi_signal":"-59dBm","layer_num":635,"command":"push_status","msg":1,"sequence_id":"51623"}}
2025-12-18 21:21:52 :: {"print":{"wifi_signal":"-62dBm","layer_num":636,"command":"push_status","msg":1,"sequence_id":"51624"}}
2025-12-18 21:21:54 :: {"print":{"layer_num":637,"command":"push_status","msg":1,"sequence_id":"51625"}}
2025-12-18 21:21:56 :: {"print":{"nozzle_temper":219.96875,"bed_temper":64.9375,"wifi_signal":"-61dBm","layer_num":638,"command":"push_status","msg":1,"sequence_id":"51626"}}
2025-12-18 21:21:58 :: {"print":{"nozzle_temper":220,"cooling_fan_speed":"11","big_fan1_speed":"11","big_fan2_speed":"11","wifi_signal":"-63dBm","command":"push_status","msg":1,"sequence_id":"51627"}}
2025-12-18 21:22:00 :: {"print":{"nozzle_temper":220.03125,"cooling_fan_speed":"12","big_fan1_speed":"12","big_fan2_speed":"12","wifi_signal":"-61dBm","layer_num":641,"command":"push_status","msg":1,"sequence_id":"51628"}}
2025-12-18 21:22:04 :: {"print":{"cooling_fan_speed":"11","big_fan1_speed":"11","big_fan2_speed":"11","wifi_signal":"-60dBm","layer_num":642,"command":"push_status","msg":1,"sequence_id":"51629"}}
2025-12-18 21:22:06 :: {"print":{"wifi_signal":"-59dBm","layer_num":644,"command":"push_status","msg":1,"sequence_id":"51630"}}
2025-12-18 21:22:08 :: {"print":{"nozzle_temper":220,"bed_temper":64.90625,"wifi_signal":"-61dBm","layer_num":645,"command":"push_status","msg":1,"sequence_id":"51631"}}
2025-12-18 21:22:10 :: {"print":{"nozzle_temper":219.96875,"layer_num":646,"command":"push_status","msg":1,"sequence_id":"51632"}}
2025-12-18 21:22:12 :: {"print":{"nozzle_temper":219.9375,"bed_temper":64.9375,"layer_num":647,"command":"push_status","msg":1,"sequence_id":"51633"}}
2025-12-18 21:22:14 :: {"print":{"layer_num":648,"command":"push_status","msg":1,"sequence_id":"51634"}}
2025-12-18 21:22:16 :: {"print":{"nozzle_temper":219.96875,"cooling_fan_speed":"12","big_fan1_speed":"12","big_fan2_speed":"12","wifi_signal":"-60dBm","layer_num":649,"command":"push_status","msg":1,"sequence_id":"51635"}}
2025-12-18 21:22:18 :: {"print":{"cooling_fan_speed":"11","big_fan1_speed":"11","big_fan2_speed":"11","layer_num":650,"command":"push_status","msg":1,"sequence_id":"51636"}}
2025-12-18 21:22:20 :: {"print":{"bed_temper":64.96875,"cooling_fan_speed":"12","big_fan1_speed":"12","big_fan2_speed":"12","wifi_signal":"-61dBm","layer_num":651,"command":"push_status","msg":1,"sequence_id":"51637"}}
2025-12-18 21:22:22 :: {"print":{"layer_num":652,"command":"push_status","msg":1,"sequence_id":"51638"}}
2025-12-18 21:22:24 :: {"print":{"cooling_fan_speed":"11","big_fan1_speed":"11","big_fan2_speed":"11","layer_num":653,"command":"push_status","msg":1,"sequence_id":"51639"}}
2025-12-18 21:22:28 :: {"print":{"cooling_fan_speed":"12","big_fan1_speed":"12","big_fan2_speed":"12","wifi_signal":"-59dBm","layer_num":654,"command":"push_status","msg":1,"sequence_id":"51640"}}
2025-12-18 21:22:30 :: {"print":{"bed_temper":64.9375,"wifi_signal":"-61dBm","command":"push_status","msg":1,"sequence_id":"51641"}}
2025-12-18 21:22:32 :: {"print":{"layer_num":655,"command":"push_status","msg":1,"sequence_id":"51642"}}
2025-12-18 21:22:34 :: {"print":{"nozzle_temper":219.9375,"cooling_fan_speed":"11","big_fan1_speed":"11","big_fan2_speed":"11","mc_remaining_time":3,"wifi_signal":"-62dBm","layer_num":656,"command":"push_status","msg":1,"sequence_id":"51643"}}
2025-12-18 21:22:37 :: {"print":{"cooling_fan_speed":"12","big_fan1_speed":"12","big_fan2_speed":"12","wifi_signal":"-60dBm","command":"push_status","msg":1,"sequence_id":"51644"}}
2025-12-18 21:22:39 :: {"print":{"bed_temper":64.90625,"cooling_fan_speed":"11","big_fan1_speed":"11","big_fan2_speed":"11","wifi_signal":"-61dBm","layer_num":657,"command":"push_status","msg":1,"sequence_id":"51645"}}
2025-12-18 21:22:41 :: {"print":{"cooling_fan_speed":"12","big_fan1_speed":"12","big_fan2_speed":"12","mc_percent":96,"wifi_signal":"-60dBm","command":"push_status","msg":1,"sequence_id":"51646"}}
2025-12-18 21:22:43 :: {"print":{"nozzle_temper":219.90625,"cooling_fan_speed":"11","big_fan1_speed":"11","big_fan2_speed":"11","wifi_signal":"-61dBm","layer_num":658,"command":"push_status","msg":1,"sequence_id":"51647"}}
2025-12-18 21:22:45 :: {"print":{"nozzle_temper":219.96875,"bed_temper":64.9375,"cooling_fan_speed":"12","big_fan1_speed":"12","big_fan2_speed":"12","command":"push_status","msg":1,"sequence_id":"51648"}}
2025-12-18 21:22:47 :: {"print":{"nozzle_temper":220,"wifi_signal":"-59dBm","layer_num":659,"command":"push_status","msg":1,"sequence_id":"51649"}}
2025-12-18 21:22:51 :: {"print":{"cooling_fan_speed":"11","big_fan1_speed":"11","big_fan2_speed":"11","wifi_signal":"-61dBm","command":"push_status","msg":1,"sequence_id":"51650"}}
2025-12-18 21:22:53 :: {"print":{"nozzle_temper":219.96875,"bed_temper":64.96875,"cooling_fan_speed":"12","big_fan1_speed":"12","big_fan2_speed":"12","wifi_signal":"-59dBm","layer_num":660,"command":"push_status","msg":1,"sequence_id":"51651"}}
2025-12-18 21:22:55 :: {"print":{"bed_temper":65,"cooling_fan_speed":"11","big_fan1_speed":"11","big_fan2_speed":"11","layer_num":661,"command":"push_status","msg":1,"sequence_id":"51652"}}
2025-12-18 21:22:57 :: {"print":{"nozzle_temper":219.9375,"bed_temper":65.03125,"wifi_signal":"-60dBm","command":"push_status","msg":1,"sequence_id":"51653"}}
2025-12-18 21:22:59 :: {"print":{"nozzle_temper":219.96875,"bed_temper":65.0625,"cooling_fan_speed":"12","big_fan1_speed":"12","big_fan2_speed":"12","wifi_signal":"-59dBm","layer_num":662,"command":"push_status","msg":1,"sequence_id":"51654"}}
2025-12-18 21:23:01 :: {"print":{"nozzle_temper":219.9375,"cooling_fan_speed":"11","big_fan1_speed":"11","big_fan2_speed":"11","wifi_signal":"-63dBm","command":"push_status","msg":1,"sequence_id":"51655"}}
2025-12-18 21:23:03 :: {"print":{"nozzle_temper":219.96875,"bed_temper":65.09375,"cooling_fan_speed":"12","big_fan1_speed":"12","big_fan2_speed":"12","wifi_signal":"-59dBm","layer_num":663,"command":"push_status","msg":1,"sequence_id":"51656"}}
2025-12-18 21:23:05 :: {"print":{"nozzle_temper":219.9375,"bed_temper":65.0625,"cooling_fan_speed":"11","big_fan1_speed":"11","big_fan2_speed":"11","command":"push_status","msg":1,"sequence_id":"51657"}}
2025-12-18 21:23:07 :: {"print":{"nozzle_temper":219.96875,"cooling_fan_speed":"12","big_fan1_speed":"12","big_fan2_speed":"12","wifi_signal":"-60dBm","command":"push_status","msg":1,"sequence_id":"51658"}}
2025-12-18 21:23:09 :: {"print":{"wifi_signal":"-59dBm","layer_num":664,"command":"push_status","msg":1,"sequence_id":"51659"}}
2025-12-18 21:23:11 :: {"print":{"nozzle_temper":219.9375,"bed_temper":65.03125,"command":"push_status","msg":1,"sequence_id":"51660"}}
2025-12-18 21:23:15 :: {"print":{"nozzle_temper":219.96875,"cooling_fan_speed":"11","big_fan1_speed":"11","big_fan2_speed":"11","wifi_signal":"-61dBm","layer_num":665,"command":"push_status","msg":1,"sequence_id":"51661"}}
2025-12-18 21:23:17 :: {"print":{"cooling_fan_speed":"12","big_fan1_speed":"12","big_fan2_speed":"12","wifi_signal":"-60dBm","command":"push_status","msg":1,"sequence_id":"51662"}}
2025-12-18 21:23:19 :: {"print":{"bed_temper":65,"wifi_signal":"-63dBm","layer_num":666,"command":"push_status","msg":1,"sequence_id":"51663"}}
2025-12-18 21:23:21 :: {"print":{"nozzle_temper":219.9375,"command":"push_status","msg":1,"sequence_id":"51664"}}
2025-12-18 21:23:23 :: {"print":{"cooling_fan_speed":"11","big_fan1_speed":"11","big_fan2_speed":"11","wifi_signal":"-60dBm","layer_num":667,"fan_gear":201,"command":"push_status","msg":1,"sequence_id":"51665"}}
2025-12-18 21:23:25 :: {"print":{"wifi_signal":"-61dBm","command":"push_status","msg":1,"sequence_id":"51666"}}
2025-12-18 21:23:27 :: {"print":{"nozzle_temper":219.96875,"bed_temper":65.03125,"layer_num":668,"command":"push_status","msg":1,"sequence_id":"51667"}}
2025-12-18 21:23:29 :: {"print":{"nozzle_temper":219.9375,"wifi_signal":"-60dBm","command":"push_status","msg":1,"sequence_id":"51668"}}
2025-12-18 21:23:31 :: {"print":{"wifi_signal":"-59dBm","command":"push_status","msg":1,"sequence_id":"51669"}}
2025-12-18 21:23:33 :: {"print":{"nozzle_temper":220,"bed_temper":65,"layer_num":669,"command":"push_status","msg":1,"sequence_id":"51670"}}
2025-12-18 21:23:37 :: {"print":{"nozzle_temper":219.9375,"bed_temper":65.03125,"command":"push_status","msg":1,"sequence_id":"51671"}}
2025-12-18 21:23:39 :: {"print":{"nozzle_temper":219.96875,"wifi_signal":"-61dBm","layer_num":670,"command":"push_status","msg":1,"sequence_id":"51672"}}
2025-12-18 21:23:43 :: {"print":{"nozzle_temper":219.9375,"bed_temper":65,"mc_percent":97,"layer_num":671,"command":"push_status","msg":1,"sequence_id":"51673"}}
2025-12-18 21:23:45 :: {"print":{"nozzle_temper":219.96875,"mc_remaining_time":2,"wifi_signal":"-59dBm","command":"push_status","msg":1,"sequence_id":"51674"}}
2025-12-18 21:23:47 :: {"print":{"nozzle_temper":219.9375,"bed_temper":64.96875,"wifi_signal":"-61dBm","command":"push_status","msg":1,"sequence_id":"51675"}}
2025-12-18 21:23:49 :: {"print":{"nozzle_temper":219.96875,"wifi_signal":"-59dBm","layer_num":672,"command":"push_status","msg":1,"sequence_id":"51676"}}
2025-12-18 21:23:51 :: {"print":{"nozzle_temper":219.9375,"wifi_signal":"-61dBm","command":"push_status","msg":1,"sequence_id":"51677"}}
2025-12-18 21:23:53 :: {"print":{"nozzle_temper":219.96875,"layer_num":673,"command":"push_status","msg":1,"sequence_id":"51678"}}
2025-12-18 21:23:55 :: {"print":{"nozzle_temper":219.9375,"wifi_signal":"-58dBm","command":"push_status","msg":1,"sequence_id":"51679"}}
2025-12-18 21:23:57 :: {"print":{"wifi_signal":"-62dBm","layer_num":674,"command":"push_status","msg":1,"sequence_id":"51680"}}
2025-12-18 21:24:02 :: {"print":{"nozzle_temper":219.96875,"wifi_signal":"-58dBm","command":"push_status","msg":1,"sequence_id":"51681"}}
2025-12-18 21:24:04 :: {"print":{"bed_temper":65,"wifi_signal":"-63dBm","command":"push_status","msg":1,"sequence_id":"51682"}}
2025-12-18 21:24:06 :: {"print":{"nozzle_temper":220,"bed_temper":64.96875,"wifi_signal":"-61dBm","layer_num":675,"command":"push_status","msg":1,"sequence_id":"51683"}}
2025-12-18 21:24:08 :: {"print":{"nozzle_temper":219.96875,"wifi_signal":"-58dBm","command":"push_status","msg":1,"sequence_id":"51684"}}
2025-12-18 21:24:10 :: {"print":{"nozzle_temper":220,"wifi_signal":"-60dBm","layer_num":676,"command":"push_status","msg":1,"sequence_id":"51685"}}
2025-12-18 21:24:12 :: {"print":{"nozzle_temper":219.96875,"command":"push_status","msg":1,"sequence_id":"51686"}}
2025-12-18 21:24:14 :: {"print":{"bed_temper":64.9375,"wifi_signal":"-59dBm","layer_num":677,"command":"push_status","msg":1,"sequence_id":"51687"}}
2025-12-18 21:24:16 :: {"print":{"nozzle_temper":219.9375,"bed_temper":64.96875,"wifi_signal":"-60dBm","command":"push_status","msg":1,"sequence_id":"51688"}}
2025-12-18 21:24:18 :: {"print":{"bed_temper":64.9375,"command":"push_status","msg":1,"sequence_id":"51689"}}
2025-12-18 21:24:20 :: {"print":{"nozzle_temper":219.96875,"mc_remaining_time":1,"wifi_signal":"-58dBm","layer_num":678,"command":"push_status","msg":1,"sequence_id":"51690"}}
2025-12-18 21:24:22 :: {"print":{"nozzle_temper":219.9375,"command":"push_status","msg":1,"sequence_id":"51691"}}
2025-12-18 21:24:26 :: {"print":{"nozzle_temper":219.96875,"wifi_signal":"-60dBm","layer_num":679,"command":"push_status","msg":1,"sequence_id":"51692"}}
2025-12-18 21:24:28 :: {"print":{"nozzle_temper":219.9375,"wifi_signal":"-58dBm","command":"push_status","msg":1,"sequence_id":"51693"}}
2025-12-18 21:24:30 :: {"print":{"layer_num":680,"command":"push_status","msg":1,"sequence_id":"51694"}}
2025-12-18 21:24:32 :: {"print":{"wifi_signal":"-61dBm","command":"push_status","msg":1,"sequence_id":"51695"}}
2025-12-18 21:24:34 :: {"print":{"nozzle_temper":219.96875,"wifi_signal":"-62dBm","command":"push_status","msg":1,"sequence_id":"51696"}}
2025-12-18 21:24:36 :: {"print":{"bed_temper":64.96875,"layer_num":681,"command":"push_status","msg":1,"sequence_id":"51697"}}
